BEGIN;
BEGIN
EXPLAIN (ANALYZE, BUFFERS)
select
	o_year,
	sum(case
		when nation = 'ROMANIA' then volume
		else 0
	end) / sum(volume) as mkt_share
from
	(
		select
			extract(year from o_orderdate) as o_year,
			l_extendedprice * (1 - l_discount) as volume,
			n2.n_name as nation
		from
			part,
			supplier,
			lineitem,
			orders,
			customer,
			nation n1,
			nation n2,
			region
		where
			p_partkey = l_partkey
			and s_suppkey = l_suppkey
			and l_orderkey = o_orderkey
			and o_custkey = c_custkey
			and c_nationkey = n1.n_nationkey
			and n1.n_regionkey = r_regionkey
			and r_name = 'EUROPE'
			and s_nationkey = n2.n_nationkey
			and o_orderdate between date '1995-01-01' and date '1996-12-31'
			and p_type = 'LARGE BURNISHED COPPER'
	) as all_nations
group by
	o_year
order by
	o_year;
                                                                                               QUERY PLAN                                                                                               
--------------------------------------------------------------------------------------------------------------------------------------------------------------------------------------------------------
 Sort  (cost=2450217.22..2450219.03 rows=727 width=38) (actual time=29535.675..29535.675 rows=2 loops=1)
   Sort Key: (date_part('year'::text, (orders.o_orderdate)::timestamp without time zone))
   Sort Method: quicksort  Memory: 25kB
   Buffers: shared hit=981740 read=399654
   ->  HashAggregate  (cost=2450169.94..2450182.66 rows=727 width=38) (actual time=29535.604..29535.607 rows=2 loops=1)
         Group Key: date_part('year'::text, (orders.o_orderdate)::timestamp without time zone)
         Buffers: shared hit=981737 read=399654
         ->  Hash Join  (cost=550879.03..2449674.32 rows=24781 width=38) (actual time=6238.100..29497.320 rows=24655 loops=1)
               Hash Cond: (supplier.s_nationkey = n2.n_nationkey)
               Buffers: shared hit=981737 read=399654
               ->  Hash Join  (cost=550877.47..2449208.12 rows=24781 width=16) (actual time=6238.023..29465.386 rows=24655 loops=1)
                     Hash Cond: (lineitem.l_suppkey = supplier.s_suppkey)
                     Buffers: shared hit=981733 read=399654
                     ->  Hash Join  (cost=546448.47..2444438.38 rows=24781 width=16) (actual time=6135.134..29325.086 rows=24655 loops=1)
                           Hash Cond: (lineitem.l_orderkey = orders.o_orderkey)
                           Buffers: shared hit=981731 read=397477
                           ->  Hash Join  (cost=28695.55..1924898.94 rows=410321 width=16) (actual time=195.741..23025.534 rows=401092 loops=1)
                                 Hash Cond: (lineitem.l_partkey = part.p_partkey)
                                 Buffers: shared hit=729712 read=348239
                                 ->  Seq Scan on lineitem  (cost=0.00..1666929.68 rows=60045468 width=20) (actual time=0.014..14696.783 rows=60045669 loops=1)
                                       Buffers: shared hit=729712 read=336763
                                 ->  Hash  (cost=28524.71..28524.71 rows=13667 width=4) (actual time=195.323..195.323 rows=13317 loops=1)
                                       Buckets: 16384  Batches: 1  Memory Usage: 597kB
                                       Buffers: shared read=11476
                                       ->  Bitmap Heap Scan on part  (cost=422.35..28524.71 rows=13667 width=4) (actual time=8.072..188.485 rows=13317 loops=1)
                                             Recheck Cond: ((p_type)::text = 'LARGE BURNISHED COPPER'::text)
                                             Heap Blocks: exact=11393
                                             Buffers: shared read=11476
                                             ->  Bitmap Index Scan on part_p_type_p_partkey_idx  (cost=0.00..418.93 rows=13667 width=0) (actual time=5.645..5.645 rows=13317 loops=1)
                                                   Index Cond: ((p_type)::text = 'LARGE BURNISHED COPPER'::text)
                                                   Buffers: shared read=83
                           ->  Hash  (cost=506417.77..506417.77 rows=906812 width=8) (actual time=5933.031..5933.031 rows=913948 loops=1)
                                 Buckets: 1048576  Batches: 1  Memory Usage: 43894kB
                                 Buffers: shared hit=252019 read=49238
                                 ->  Hash Join  (cost=158814.06..506417.77 rows=906812 width=8) (actual time=1934.127..5665.498 rows=913948 loops=1)
                                       Hash Cond: (orders.o_custkey = customer.c_custkey)
                                       Buffers: shared hit=252019 read=49238
                                       ->  Bitmap Heap Scan on orders  (cost=96158.53..417691.40 rows=4534058 width=12) (actual time=1030.520..3483.436 rows=4561961 loops=1)
                                             Recheck Cond: ((o_orderdate >= '1995-01-01'::date) AND (o_orderdate <= '1996-12-31'::date))
                                             Heap Blocks: exact=253522
                                             Buffers: shared hit=252015 read=13962
                                             ->  Bitmap Index Scan on orders_o_orderdate_o_orderkey_idx  (cost=0.00..95025.01 rows=4534058 width=0) (actual time=960.803..960.803 rows=4561961 loops=1)
                                                   Index Cond: ((o_orderdate >= '1995-01-01'::date) AND (o_orderdate <= '1996-12-31'::date))
                                                   Buffers: shared read=12455
                                       ->  Hash  (cost=58905.53..58905.53 rows=300000 width=4) (actual time=900.931..900.931 rows=300963 loops=1)
                                             Buckets: 524288  Batches: 1  Memory Usage: 14677kB
                                             Buffers: shared hit=4 read=35276
                                             ->  Hash Join  (cost=2.53..58905.53 rows=300000 width=4) (actual time=0.089..811.331 rows=300963 loops=1)
                                                   Hash Cond: (customer.c_nationkey = n1.n_nationkey)
                                                   Buffers: shared hit=4 read=35276
                                                   ->  Seq Scan on customer  (cost=0.00..50278.00 rows=1500000 width=8) (actual time=0.014..563.237 rows=1500000 loops=1)
                                                         Buffers: shared hit=2 read=35276
                                                   ->  Hash  (cost=2.47..2.47 rows=5 width=4) (actual time=0.056..0.056 rows=5 loops=1)
                                                         Buckets: 1024  Batches: 1  Memory Usage: 9kB
                                                         Buffers: shared hit=2
                                                         ->  Hash Join  (cost=1.07..2.47 rows=5 width=4) (actual time=0.047..0.052 rows=5 loops=1)
                                                               Hash Cond: (n1.n_regionkey = region.r_regionkey)
                                                               Buffers: shared hit=2
                                                               ->  Seq Scan on nation n1  (cost=0.00..1.25 rows=25 width=8) (actual time=0.004..0.007 rows=25 loops=1)
                                                                     Buffers: shared hit=1
                                                               ->  Hash  (cost=1.06..1.06 rows=1 width=4) (actual time=0.027..0.027 rows=1 loops=1)
                                                                     Buckets: 1024  Batches: 1  Memory Usage: 9kB
                                                                     Buffers: shared hit=1
                                                                     ->  Seq Scan on region  (cost=0.00..1.06 rows=1 width=4) (actual time=0.016..0.016 rows=1 loops=1)
                                                                           Filter: (r_name = 'EUROPE'::bpchar)
                                                                           Rows Removed by Filter: 4
                                                                           Buffers: shared hit=1
                     ->  Hash  (cost=3179.00..3179.00 rows=100000 width=8) (actual time=101.972..101.972 rows=100000 loops=1)
                           Buckets: 131072  Batches: 1  Memory Usage: 4931kB
                           Buffers: shared hit=2 read=2177
                           ->  Seq Scan on supplier  (cost=0.00..3179.00 rows=100000 width=8) (actual time=0.003..75.749 rows=100000 loops=1)
                                 Buffers: shared hit=2 read=2177
               ->  Hash  (cost=1.25..1.25 rows=25 width=30) (actual time=0.021..0.021 rows=25 loops=1)
                     Buckets: 1024  Batches: 1  Memory Usage: 10kB
                     Buffers: shared hit=1
                     ->  Seq Scan on nation n2  (cost=0.00..1.25 rows=25 width=30) (actual time=0.003..0.008 rows=25 loops=1)
                           Buffers: shared hit=1
 Planning time: 11.221 ms
 Execution time: 29540.938 ms
(79 rows)

COMMIT;
COMMIT
