BEGIN;
BEGIN
EXPLAIN (ANALYZE, BUFFERS)
select
	s_name,
	count(*) as numwait
from
	supplier,
	lineitem l1,
	orders,
	nation
where
	s_suppkey = l1.l_suppkey
	and o_orderkey = l1.l_orderkey
	and o_orderstatus = 'F'
	and l1.l_receiptdate > l1.l_commitdate
	and exists (
		select
			*
		from
			lineitem l2
		where
			l2.l_orderkey = l1.l_orderkey
			and l2.l_suppkey <> l1.l_suppkey
	)
	and not exists (
		select
			*
		from
			lineitem l3
		where
			l3.l_orderkey = l1.l_orderkey
			and l3.l_suppkey <> l1.l_suppkey
			and l3.l_receiptdate > l3.l_commitdate
	)
	and s_nationkey = n_nationkey
	and n_name = 'KENYA'
group by
	s_name
order by
	numwait desc,
	s_name
LIMIT 100;
                                                                                                    QUERY PLAN                                                                                                    
------------------------------------------------------------------------------------------------------------------------------------------------------------------------------------------------------------------
 Limit  (cost=5518284.60..5518284.61 rows=1 width=26) (actual time=80200.436..80200.455 rows=100 loops=1)
   Buffers: shared hit=3724815 read=673456 dirtied=1756 written=2499
   ->  Sort  (cost=5518284.60..5518284.61 rows=1 width=26) (actual time=80200.434..80200.443 rows=100 loops=1)
         Sort Key: (count(*)), supplier.s_name
         Sort Method: top-N heapsort  Memory: 32kB
         Buffers: shared hit=3724815 read=673456 dirtied=1756 written=2499
         ->  HashAggregate  (cost=5518284.58..5518284.59 rows=1 width=26) (actual time=80197.830..80199.301 rows=4044 loops=1)
               Group Key: supplier.s_name
               Buffers: shared hit=3724807 read=673456 dirtied=1756 written=2499
               ->  Merge Semi Join  (cost=1626378.53..5518284.58 rows=1 width=26) (actual time=37247.754..80117.882 rows=39707 loops=1)
                     Merge Cond: (orders.o_orderkey = l2.l_orderkey)
                     Join Filter: (l2.l_suppkey <> l1.l_suppkey)
                     Rows Removed by Join Filter: 42304
                     Buffers: shared hit=3724807 read=673456 dirtied=1756 written=2499
                     ->  Merge Anti Join  (cost=1626365.06..2654459.32 rows=398718 width=38) (actual time=37246.703..59441.716 rows=66641 loops=1)
                           Merge Cond: (l1.l_orderkey = l3.l_orderkey)
                           Join Filter: (l3.l_suppkey <> l1.l_suppkey)
                           Rows Removed by Join Filter: 269777
                           Buffers: shared hit=2422507 read=502038 dirtied=820 written=2259
                           ->  Sort  (cost=1626364.50..1627361.29 rows=398718 width=38) (actual time=37245.488..37423.241 rows=742451 loops=1)
                                 Sort Key: l1.l_orderkey
                                 Sort Method: quicksort  Memory: 82580kB
                                 Buffers: shared hit=1290549 read=302087 dirtied=820 written=2045
                                 ->  Hash Join  (cost=547141.59..1589273.74 rows=398718 width=38) (actual time=9259.598..36893.227 rows=742451 loops=1)
                                       Hash Cond: (l1.l_orderkey = orders.o_orderkey)
                                       Buffers: shared hit=1290546 read=302087 dirtied=820 written=2045
                                       ->  Hash Join  (cost=3645.89..1032604.06 rows=816604 width=34) (actual time=59.640..26352.823 rows=1536832 loops=1)
                                             Hash Cond: (l1.l_suppkey = supplier.s_suppkey)
                                             Buffers: shared hit=1156257 read=177789 dirtied=566 written=1570
                                             ->  Index Scan using lineitem_l_orderkey_idx_part1 on lineitem l1  (cost=0.56..944236.03 rows=20415112 width=8) (actual time=0.202..19180.127 rows=37966141 loops=1)
                                                   Buffers: shared hit=1154074 read=177789 dirtied=566 written=1570
                                             ->  Hash  (cost=3595.32..3595.32 rows=4000 width=30) (actual time=59.395..59.395 rows=4044 loops=1)
                                                   Buckets: 4096  Batches: 1  Memory Usage: 285kB
                                                   Buffers: shared hit=2180
                                                   ->  Hash Join  (cost=1.32..3595.32 rows=4000 width=30) (actual time=0.044..58.010 rows=4044 loops=1)
                                                         Hash Cond: (supplier.s_nationkey = nation.n_nationkey)
                                                         Buffers: shared hit=2180
                                                         ->  Seq Scan on supplier  (cost=0.00..3179.00 rows=100000 width=34) (actual time=0.011..42.043 rows=100000 loops=1)
                                                               Buffers: shared hit=2179
                                                         ->  Hash  (cost=1.31..1.31 rows=1 width=4) (actual time=0.017..0.017 rows=1 loops=1)
                                                               Buckets: 1024  Batches: 1  Memory Usage: 9kB
                                                               Buffers: shared hit=1
                                                               ->  Seq Scan on nation  (cost=0.00..1.31 rows=1 width=4) (actual time=0.010..0.012 rows=1 loops=1)
                                                                     Filter: (n_name = 'KENYA'::bpchar)
                                                                     Rows Removed by Filter: 24
                                                                     Buffers: shared hit=1
                                       ->  Hash  (cost=450024.03..450024.03 rows=7477734 width=4) (actual time=9173.887..9173.887 rows=7316922 loops=1)
                                             Buckets: 8388608  Batches: 1  Memory Usage: 322772kB
                                             Buffers: shared hit=134289 read=124298 dirtied=254 written=475
                                             ->  Seq Scan on orders  (cost=0.00..450024.03 rows=7477734 width=4) (actual time=0.028..6432.966 rows=7316922 loops=1)
                                                   Filter: (o_orderstatus = 'F'::bpchar)
                                                   Rows Removed by Filter: 7698078
                                                   Buffers: shared hit=134289 read=124298 dirtied=254 written=475
                           ->  Index Scan using lineitem_l_orderkey_idx_part1 on lineitem l3  (cost=0.56..944236.03 rows=20415112 width=8) (actual time=0.077..17677.192 rows=37984751 loops=1)
                                 Buffers: shared hit=1131958 read=199951 written=214
                     ->  Index Scan using lineitem_l_orderkey_idx on lineitem l2  (cost=0.56..2689793.60 rows=61245336 width=8) (actual time=0.062..14776.041 rows=60045202 loops=1)
                           Buffers: shared hit=1302300 read=171418 dirtied=936 written=240
 Planning time: 11.329 ms
 Execution time: 80229.065 ms
(59 rows)

COMMIT;
COMMIT
