BEGIN;
BEGIN
EXPLAIN (ANALYZE, BUFFERS)
select
	o_year,
	sum(case
		when nation = 'ETHIOPIA' then volume
		else 0
	end) / sum(volume) as mkt_share
from
	(
		select
			extract(year from o_orderdate) as o_year,
			l_extendedprice * (1 - l_discount) as volume,
			n2.n_name as nation
		from
			part,
			supplier,
			lineitem,
			orders,
			customer,
			nation n1,
			nation n2,
			region
		where
			p_partkey = l_partkey
			and s_suppkey = l_suppkey
			and l_orderkey = o_orderkey
			and o_custkey = c_custkey
			and c_nationkey = n1.n_nationkey
			and n1.n_regionkey = r_regionkey
			and r_name = 'AFRICA'
			and s_nationkey = n2.n_nationkey
			and o_orderdate between date '1995-01-01' and date '1996-12-31'
			and p_type = 'PROMO ANODIZED NICKEL'
	) as all_nations
group by
	o_year
order by
	o_year;
                                                                                                QUERY PLAN                                                                                                
----------------------------------------------------------------------------------------------------------------------------------------------------------------------------------------------------------
 Sort  (cost=2486560.27..2486562.09 rows=727 width=38) (actual time=37128.977..37128.978 rows=2 loops=1)
   Sort Key: (date_part('year'::text, (orders.o_orderdate)::timestamp without time zone))
   Sort Method: quicksort  Memory: 25kB
   Buffers: shared hit=967616 read=434309 dirtied=595 written=1369
   ->  HashAggregate  (cost=2486513.00..2486525.72 rows=727 width=38) (actual time=37128.918..37128.920 rows=2 loops=1)
         Group Key: date_part('year'::text, (orders.o_orderdate)::timestamp without time zone)
         Buffers: shared hit=967613 read=434309 dirtied=595 written=1369
         ->  Hash Join  (cost=559149.85..2486035.50 rows=23875 width=38) (actual time=11527.696..37083.346 rows=24088 loops=1)
               Hash Cond: (supplier.s_nationkey = n2.n_nationkey)
               Buffers: shared hit=967613 read=434309 dirtied=595 written=1369
               ->  Hash Join  (cost=559148.29..2485586.28 rows=23875 width=16) (actual time=11527.627..37039.935 rows=24088 loops=1)
                     Hash Cond: (lineitem.l_suppkey = supplier.s_suppkey)
                     Buffers: shared hit=967609 read=434309 dirtied=595 written=1369
                     ->  Hash Join  (cost=554719.29..2480829.00 rows=23875 width=16) (actual time=11467.044..36934.544 rows=24088 loops=1)
                           Hash Cond: (lineitem.l_orderkey = orders.o_orderkey)
                           Buffers: shared hit=965430 read=434309 dirtied=595 written=1369
                           ->  Hash Join  (cost=27832.94..1952221.45 rows=395318 width=16) (actual time=259.076..25495.513 rows=398839 loops=1)
                                 Hash Cond: (lineitem.l_partkey = part.p_partkey)
                                 Buffers: shared hit=965263 read=128654 dirtied=86 written=266
                                 ->  Seq Scan on lineitem  (cost=0.00..1691892.79 rows=60944679 width=20) (actual time=0.027..13616.390 rows=60044616 loops=1)
                                       Buffers: shared hit=964737 read=117709 dirtied=86 written=77
                                 ->  Hash  (cost=27670.77..27670.77 rows=12973 width=4) (actual time=258.827..258.827 rows=13278 loops=1)
                                       Buckets: 16384  Batches: 1  Memory Usage: 595kB
                                       Buffers: shared hit=526 read=10945 written=189
                                       ->  Bitmap Heap Scan on part  (cost=400.97..27670.77 rows=12973 width=4) (actual time=7.222..252.649 rows=13278 loops=1)
                                             Recheck Cond: ((p_type)::text = 'PROMO ANODIZED NICKEL'::text)
                                             Heap Blocks: exact=11388
                                             Buffers: shared hit=526 read=10945 written=189
                                             ->  Bitmap Index Scan on part_p_type_p_partkey_idx  (cost=0.00..397.73 rows=12973 width=0) (actual time=4.888..4.888 rows=13278 loops=1)
                                                   Index Cond: ((p_type)::text = 'PROMO ANODIZED NICKEL'::text)
                                                   Buffers: shared read=83 written=1
                           ->  Hash  (cost=515381.40..515381.40 rows=920396 width=8) (actual time=11198.852..11198.852 rows=911973 loops=1)
                                 Buckets: 1048576  Batches: 1  Memory Usage: 43816kB
                                 Buffers: shared hit=167 read=305655 dirtied=509 written=1103
                                 ->  Hash Join  (cost=162570.28..515381.40 rows=920396 width=8) (actual time=3512.179..10868.424 rows=911973 loops=1)
                                       Hash Cond: (orders.o_custkey = customer.c_custkey)
                                       Buffers: shared hit=167 read=305655 dirtied=509 written=1103
                                       ->  Bitmap Heap Scan on orders  (cost=99914.75..426264.48 rows=4601982 width=12) (actual time=2356.438..7075.736 rows=4561743 loops=1)
                                             Recheck Cond: ((o_orderdate >= '1995-01-01'::date) AND (o_orderdate <= '1996-12-31'::date))
                                             Heap Blocks: exact=257320
                                             Buffers: shared hit=164 read=270378 dirtied=509 written=542
                                             ->  Bitmap Index Scan on orders_o_orderdate_o_orderkey_idx  (cost=0.00..98764.26 rows=4601982 width=0) (actual time=2231.295..2231.295 rows=4630287 loops=1)
                                                   Index Cond: ((o_orderdate >= '1995-01-01'::date) AND (o_orderdate <= '1996-12-31'::date))
                                                   Buffers: shared hit=163 read=13059 written=162
                                       ->  Hash  (cost=58905.53..58905.53 rows=300000 width=4) (actual time=1152.066..1152.066 rows=299493 loops=1)
                                             Buckets: 524288  Batches: 1  Memory Usage: 14626kB
                                             Buffers: shared hit=3 read=35277 written=561
                                             ->  Hash Join  (cost=2.53..58905.53 rows=300000 width=4) (actual time=0.073..1051.951 rows=299493 loops=1)
                                                   Hash Cond: (customer.c_nationkey = n1.n_nationkey)
                                                   Buffers: shared hit=3 read=35277 written=561
                                                   ->  Seq Scan on customer  (cost=0.00..50278.00 rows=1500000 width=8) (actual time=0.007..778.777 rows=1500000 loops=1)
                                                         Buffers: shared hit=1 read=35277 written=561
                                                   ->  Hash  (cost=2.47..2.47 rows=5 width=4) (actual time=0.047..0.047 rows=5 loops=1)
                                                         Buckets: 1024  Batches: 1  Memory Usage: 9kB
                                                         Buffers: shared hit=2
                                                         ->  Hash Join  (cost=1.07..2.47 rows=5 width=4) (actual time=0.037..0.045 rows=5 loops=1)
                                                               Hash Cond: (n1.n_regionkey = region.r_regionkey)
                                                               Buffers: shared hit=2
                                                               ->  Seq Scan on nation n1  (cost=0.00..1.25 rows=25 width=8) (actual time=0.003..0.004 rows=25 loops=1)
                                                                     Buffers: shared hit=1
                                                               ->  Hash  (cost=1.06..1.06 rows=1 width=4) (actual time=0.019..0.019 rows=1 loops=1)
                                                                     Buckets: 1024  Batches: 1  Memory Usage: 9kB
                                                                     Buffers: shared hit=1
                                                                     ->  Seq Scan on region  (cost=0.00..1.06 rows=1 width=4) (actual time=0.013..0.014 rows=1 loops=1)
                                                                           Filter: (r_name = 'AFRICA'::bpchar)
                                                                           Rows Removed by Filter: 4
                                                                           Buffers: shared hit=1
                     ->  Hash  (cost=3179.00..3179.00 rows=100000 width=8) (actual time=59.944..59.944 rows=100000 loops=1)
                           Buckets: 131072  Batches: 1  Memory Usage: 4931kB
                           Buffers: shared hit=2179
                           ->  Seq Scan on supplier  (cost=0.00..3179.00 rows=100000 width=8) (actual time=0.010..36.501 rows=100000 loops=1)
                                 Buffers: shared hit=2179
               ->  Hash  (cost=1.25..1.25 rows=25 width=30) (actual time=0.016..0.016 rows=25 loops=1)
                     Buckets: 1024  Batches: 1  Memory Usage: 10kB
                     Buffers: shared hit=1
                     ->  Seq Scan on nation n2  (cost=0.00..1.25 rows=25 width=30) (actual time=0.003..0.005 rows=25 loops=1)
                           Buffers: shared hit=1
 Planning time: 8.498 ms
 Execution time: 37131.978 ms
(79 rows)

COMMIT;
COMMIT
