BEGIN;
BEGIN
EXPLAIN (ANALYZE, BUFFERS)
select
	c_custkey,
	c_name,
	sum(l_extendedprice * (1 - l_discount)) as revenue,
	c_acctbal,
	n_name,
	c_address,
	c_phone,
	c_comment
from
	customer,
	orders,
	lineitem,
	nation
where
	c_custkey = o_custkey
	and l_orderkey = o_orderkey
	and o_orderdate >= date '1993-11-01'
	and o_orderdate < cast(date '1993-11-01' + interval '3 month' as date)
	and l_returnflag = 'R'
	and c_nationkey = n_nationkey
group by
	c_custkey,
	c_name,
	c_acctbal,
	c_phone,
	n_name,
	c_address,
	c_comment
order by
	revenue desc
LIMIT 20;
                                                                                                QUERY PLAN                                                                                                 
-----------------------------------------------------------------------------------------------------------------------------------------------------------------------------------------------------------
 Limit  (cost=1156873.40..1156873.45 rows=20 width=175) (actual time=24432.802..24432.811 rows=20 loops=1)
   Buffers: shared hit=1331613 read=111924 written=51
   ->  Sort  (cost=1156873.40..1158290.37 rows=566788 width=175) (actual time=24432.798..24432.803 rows=20 loops=1)
         Sort Key: (sum((lineitem.l_extendedprice * (1::double precision - lineitem.l_discount))))
         Sort Method: top-N heapsort  Memory: 30kB
         Buffers: shared hit=1331613 read=111924 written=51
         ->  HashAggregate  (cost=1136123.49..1141791.37 rows=566788 width=175) (actual time=24043.989..24290.305 rows=381586 loops=1)
               Group Key: customer.c_custkey, customer.c_name, customer.c_acctbal, customer.c_phone, nation.n_name, customer.c_address, customer.c_comment
               Buffers: shared hit=1331610 read=111924 written=51
               ->  Hash Join  (cost=353424.39..1121953.79 rows=566788 width=175) (actual time=5627.637..22072.367 rows=1148224 loops=1)
                     Hash Cond: (customer.c_nationkey = nation.n_nationkey)
                     Buffers: shared hit=1331610 read=111924 written=51
                     ->  Hash Join  (cost=353422.83..1114158.89 rows=566788 width=153) (actual time=5627.596..21680.762 rows=1148224 loops=1)
                           Hash Cond: (orders.o_custkey = customer.c_custkey)
                           Buffers: shared hit=1331609 read=111924 written=51
                           ->  Hash Join  (cost=284394.83..1036629.07 rows=566788 width=12) (actual time=4034.041..18857.001 rows=1148224 loops=1)
                                 Hash Cond: (lineitem.l_orderkey = orders.o_orderkey)
                                 Buffers: shared hit=1296331 read=111924 written=51
                                 ->  Index Scan using lineitem_l_orderkey_idx_l_returnflag on lineitem  (cost=0.43..690587.09 rows=14927923 width=12) (actual time=0.040..10126.317 rows=14822651 loops=1)
                                       Buffers: shared hit=1164659 read=11291 written=26
                                 ->  Hash  (cost=277197.06..277197.06 rows=575787 width=8) (actual time=4028.598..4028.598 rows=574181 loops=1)
                                       Buckets: 1048576  Batches: 1  Memory Usage: 30621kB
                                       Buffers: shared hit=131672 read=100633 written=25
                                       ->  Bitmap Heap Scan on orders  (cost=12506.25..277197.06 rows=575787 width=8) (actual time=279.911..3738.836 rows=574181 loops=1)
                                             Recheck Cond: ((o_orderdate >= '1993-11-01'::date) AND (o_orderdate < '1994-02-01'::date))
                                             Heap Blocks: exact=230647
                                             Buffers: shared hit=131672 read=100633 written=25
                                             ->  Bitmap Index Scan on orders_o_orderdate_o_orderkey_idx  (cost=0.00..12362.30 rows=575787 width=0) (actual time=203.528..203.528 rows=579875 loops=1)
                                                   Index Cond: ((o_orderdate >= '1993-11-01'::date) AND (o_orderdate < '1994-02-01'::date))
                                                   Buffers: shared hit=1 read=1657
                           ->  Hash  (cost=50278.00..50278.00 rows=1500000 width=145) (actual time=1584.082..1584.082 rows=1500000 loops=1)
                                 Buckets: 2097152  Batches: 1  Memory Usage: 281501kB
                                 Buffers: shared hit=35278
                                 ->  Seq Scan on customer  (cost=0.00..50278.00 rows=1500000 width=145) (actual time=0.019..689.902 rows=1500000 loops=1)
                                       Buffers: shared hit=35278
                     ->  Hash  (cost=1.25..1.25 rows=25 width=30) (actual time=0.023..0.023 rows=25 loops=1)
                           Buckets: 1024  Batches: 1  Memory Usage: 10kB
                           Buffers: shared hit=1
                           ->  Seq Scan on nation  (cost=0.00..1.25 rows=25 width=30) (actual time=0.007..0.010 rows=25 loops=1)
                                 Buffers: shared hit=1
 Planning time: 4.288 ms
 Execution time: 24450.895 ms
(42 rows)

COMMIT;
COMMIT
