BEGIN;
BEGIN
EXPLAIN (ANALYZE, BUFFERS)
select
	s_name,
	count(*) as numwait
from
	supplier,
	lineitem l1,
	orders,
	nation
where
	s_suppkey = l1.l_suppkey
	and o_orderkey = l1.l_orderkey
	and o_orderstatus = 'F'
	and l1.l_receiptdate > l1.l_commitdate
	and exists (
		select
			*
		from
			lineitem l2
		where
			l2.l_orderkey = l1.l_orderkey
			and l2.l_suppkey <> l1.l_suppkey
	)
	and not exists (
		select
			*
		from
			lineitem l3
		where
			l3.l_orderkey = l1.l_orderkey
			and l3.l_suppkey <> l1.l_suppkey
			and l3.l_receiptdate > l3.l_commitdate
	)
	and s_nationkey = n_nationkey
	and n_name = 'CHINA'
group by
	s_name
order by
	numwait desc,
	s_name
LIMIT 100;
                                                                                                    QUERY PLAN                                                                                                    
------------------------------------------------------------------------------------------------------------------------------------------------------------------------------------------------------------------
 Limit  (cost=5518284.60..5518284.61 rows=1 width=26) (actual time=72918.951..72918.967 rows=100 loops=1)
   Buffers: shared hit=3591831 read=774099 dirtied=6406 written=6492
   ->  Sort  (cost=5518284.60..5518284.61 rows=1 width=26) (actual time=72918.949..72918.957 rows=100 loops=1)
         Sort Key: (count(*)), supplier.s_name
         Sort Method: top-N heapsort  Memory: 32kB
         Buffers: shared hit=3591831 read=774099 dirtied=6406 written=6492
         ->  HashAggregate  (cost=5518284.58..5518284.59 rows=1 width=26) (actual time=72916.761..72917.862 rows=3988 loops=1)
               Group Key: supplier.s_name
               Buffers: shared hit=3591823 read=774099 dirtied=6406 written=6492
               ->  Merge Semi Join  (cost=1626378.53..5518284.58 rows=1 width=26) (actual time=32914.132..72859.776 rows=39954 loops=1)
                     Merge Cond: (orders.o_orderkey = l2.l_orderkey)
                     Join Filter: (l2.l_suppkey <> l1.l_suppkey)
                     Rows Removed by Join Filter: 42007
                     Buffers: shared hit=3591823 read=774099 dirtied=6406 written=6492
                     ->  Merge Anti Join  (cost=1626365.06..2654459.32 rows=398718 width=38) (actual time=32913.834..52492.237 rows=66266 loops=1)
                           Merge Cond: (l1.l_orderkey = l3.l_orderkey)
                           Join Filter: (l3.l_suppkey <> l1.l_suppkey)
                           Rows Removed by Join Filter: 266210
                           Buffers: shared hit=2301643 read=599953 dirtied=4074 written=5728
                           ->  Sort  (cost=1626364.50..1627361.29 rows=398718 width=38) (actual time=32913.677..33029.269 rows=731650 loops=1)
                                 Sort Key: l1.l_orderkey
                                 Sort Method: quicksort  Memory: 81737kB
                                 Buffers: shared hit=1188616 read=404020 dirtied=4074 written=4925
                                 ->  Hash Join  (cost=547141.59..1589273.74 rows=398718 width=38) (actual time=8290.185..32586.833 rows=731650 loops=1)
                                       Hash Cond: (l1.l_orderkey = orders.o_orderkey)
                                       Buffers: shared hit=1188613 read=404020 dirtied=4074 written=4925
                                       ->  Hash Join  (cost=3645.89..1032604.06 rows=816604 width=34) (actual time=54.022..23540.054 rows=1512947 loops=1)
                                             Hash Cond: (l1.l_suppkey = supplier.s_suppkey)
                                             Buffers: shared hit=1143820 read=190226 dirtied=3060 written=3512
                                             ->  Index Scan using lineitem_l_orderkey_idx_part1 on lineitem l1  (cost=0.56..944236.03 rows=20415112 width=8) (actual time=0.122..16920.922 rows=37927978 loops=1)
                                                   Buffers: shared hit=1141637 read=190226 dirtied=3060 written=3512
                                             ->  Hash  (cost=3595.32..3595.32 rows=4000 width=30) (actual time=53.856..53.856 rows=3988 loops=1)
                                                   Buckets: 4096  Batches: 1  Memory Usage: 282kB
                                                   Buffers: shared hit=2180
                                                   ->  Hash Join  (cost=1.32..3595.32 rows=4000 width=30) (actual time=0.041..52.520 rows=3988 loops=1)
                                                         Hash Cond: (supplier.s_nationkey = nation.n_nationkey)
                                                         Buffers: shared hit=2180
                                                         ->  Seq Scan on supplier  (cost=0.00..3179.00 rows=100000 width=34) (actual time=0.011..37.271 rows=100000 loops=1)
                                                               Buffers: shared hit=2179
                                                         ->  Hash  (cost=1.31..1.31 rows=1 width=4) (actual time=0.014..0.014 rows=1 loops=1)
                                                               Buckets: 1024  Batches: 1  Memory Usage: 9kB
                                                               Buffers: shared hit=1
                                                               ->  Seq Scan on nation  (cost=0.00..1.31 rows=1 width=4) (actual time=0.009..0.010 rows=1 loops=1)
                                                                     Filter: (n_name = 'CHINA'::bpchar)
                                                                     Rows Removed by Filter: 24
                                                                     Buffers: shared hit=1
                                       ->  Hash  (cost=450024.03..450024.03 rows=7477734 width=4) (actual time=8208.172..8208.172 rows=7309684 loops=1)
                                             Buckets: 8388608  Batches: 1  Memory Usage: 322518kB
                                             Buffers: shared hit=44793 read=213794 dirtied=1014 written=1413
                                             ->  Seq Scan on orders  (cost=0.00..450024.03 rows=7477734 width=4) (actual time=0.017..6154.429 rows=7309684 loops=1)
                                                   Filter: (o_orderstatus = 'F'::bpchar)
                                                   Rows Removed by Filter: 7690316
                                                   Buffers: shared hit=44793 read=213794 dirtied=1014 written=1413
                           ->  Index Scan using lineitem_l_orderkey_idx_part1 on lineitem l3  (cost=0.56..944236.03 rows=20415112 width=8) (actual time=0.109..15404.508 rows=37945741 loops=1)
                                 Buffers: shared hit=1113027 read=195933 written=803
                     ->  Index Scan using lineitem_l_orderkey_idx on lineitem l2  (cost=0.56..2689793.60 rows=61245336 width=8) (actual time=0.098..14685.051 rows=59984720 loops=1)
                           Buffers: shared hit=1290180 read=174146 dirtied=2332 written=764
 Planning time: 10.232 ms
 Execution time: 72925.756 ms
(59 rows)

COMMIT;
COMMIT
