BEGIN;
BEGIN
EXPLAIN (ANALYZE, BUFFERS)
select
	o_year,
	sum(case
		when nation = 'UNITED STATES' then volume
		else 0
	end) / sum(volume) as mkt_share
from
	(
		select
			extract(year from o_orderdate) as o_year,
			l_extendedprice * (1 - l_discount) as volume,
			n2.n_name as nation
		from
			part,
			supplier,
			lineitem,
			orders,
			customer,
			nation n1,
			nation n2,
			region
		where
			p_partkey = l_partkey
			and s_suppkey = l_suppkey
			and l_orderkey = o_orderkey
			and o_custkey = c_custkey
			and c_nationkey = n1.n_nationkey
			and n1.n_regionkey = r_regionkey
			and r_name = 'AMERICA'
			and s_nationkey = n2.n_nationkey
			and o_orderdate between date '1995-01-01' and date '1996-12-31'
			and p_type = 'MEDIUM BURNISHED STEEL'
	) as all_nations
group by
	o_year
order by
	o_year;
                                                                                                QUERY PLAN                                                                                                
----------------------------------------------------------------------------------------------------------------------------------------------------------------------------------------------------------
 Sort  (cost=2461641.18..2461642.99 rows=727 width=38) (actual time=32935.114..32935.114 rows=2 loops=1)
   Sort Key: (date_part('year'::text, (orders.o_orderdate)::timestamp without time zone))
   Sort Method: quicksort  Memory: 25kB
   Buffers: shared hit=912878 read=475475 dirtied=254 written=40
   ->  HashAggregate  (cost=2461593.90..2461606.62 rows=727 width=38) (actual time=32935.061..32935.062 rows=2 loops=1)
         Group Key: date_part('year'::text, (orders.o_orderdate)::timestamp without time zone)
         Buffers: shared hit=912875 read=475475 dirtied=254 written=40
         ->  Hash Join  (cost=553080.75..2461113.56 rows=24017 width=38) (actual time=9708.540..32893.419 rows=24520 loops=1)
               Hash Cond: (supplier.s_nationkey = n2.n_nationkey)
               Buffers: shared hit=912875 read=475475 dirtied=254 written=40
               ->  Hash Join  (cost=553079.18..2460661.68 rows=24017 width=16) (actual time=9708.478..32855.708 rows=24520 loops=1)
                     Hash Cond: (lineitem.l_suppkey = supplier.s_suppkey)
                     Buffers: shared hit=912871 read=475475 dirtied=254 written=40
                     ->  Hash Join  (cost=548650.18..2455902.45 rows=24017 width=16) (actual time=9654.167..32773.299 rows=24520 loops=1)
                           Hash Cond: (lineitem.l_orderkey = orders.o_orderkey)
                           Buffers: shared hit=910692 read=475475 dirtied=254 written=40
                           ->  Hash Join  (cost=28094.41..1933615.22 rows=397675 width=16) (actual time=104.744..22995.187 rows=405080 loops=1)
                                 Hash Cond: (lineitem.l_partkey = part.p_partkey)
                                 Buffers: shared hit=910684 read=172783 written=1
                                 ->  Seq Scan on lineitem  (cost=0.00..1675249.68 rows=60345168 width=20) (actual time=0.018..12875.934 rows=60045826 loops=1)
                                       Buffers: shared hit=900027 read=171771 written=1
                                 ->  Hash  (cost=27929.66..27929.66 rows=13180 width=4) (actual time=104.603..104.603 rows=13527 loops=1)
                                       Buckets: 16384  Batches: 1  Memory Usage: 604kB
                                       Buffers: shared hit=10657 read=1012
                                       ->  Bitmap Heap Scan on part  (cost=406.57..27929.66 rows=13180 width=4) (actual time=6.905..100.482 rows=13527 loops=1)
                                             Recheck Cond: ((p_type)::text = 'MEDIUM BURNISHED STEEL'::text)
                                             Heap Blocks: exact=11585
                                             Buffers: shared hit=10657 read=1012
                                             ->  Bitmap Index Scan on part_p_type_p_partkey_idx  (cost=0.00..403.28 rows=13180 width=0) (actual time=4.681..4.681 rows=13527 loops=1)
                                                   Index Cond: ((p_type)::text = 'MEDIUM BURNISHED STEEL'::text)
                                                   Buffers: shared read=84
                           ->  Hash  (cost=509164.08..509164.08 rows=911336 width=8) (actual time=9543.916..9543.916 rows=911193 loops=1)
                                 Buckets: 1048576  Batches: 1  Memory Usage: 43786kB
                                 Buffers: shared hit=8 read=302692 dirtied=254 written=39
                                 ->  Hash Join  (cost=159825.95..509164.08 rows=911336 width=8) (actual time=3669.877..9240.986 rows=911193 loops=1)
                                       Hash Cond: (orders.o_custkey = customer.c_custkey)
                                       Buffers: shared hit=8 read=302692 dirtied=254 written=39
                                       ->  Bitmap Heap Scan on orders  (cost=97170.42..420307.63 rows=4556681 width=12) (actual time=1697.125..5634.477 rows=4561664 loops=1)
                                             Recheck Cond: ((o_orderdate >= '1995-01-01'::date) AND (o_orderdate <= '1996-12-31'::date))
                                             Heap Blocks: exact=254787
                                             Buffers: shared hit=4 read=267416 dirtied=254 written=39
                                             ->  Bitmap Index Scan on orders_o_orderdate_o_orderkey_idx  (cost=0.00..96031.24 rows=4556681 width=0) (actual time=1612.116..1612.116 rows=4584480 loops=1)
                                                   Index Cond: ((o_orderdate >= '1995-01-01'::date) AND (o_orderdate <= '1996-12-31'::date))
                                                   Buffers: shared hit=2 read=12631
                                       ->  Hash  (cost=58905.53..58905.53 rows=300000 width=4) (actual time=979.799..979.799 rows=299436 loops=1)
                                             Buckets: 524288  Batches: 1  Memory Usage: 14624kB
                                             Buffers: shared hit=4 read=35276
                                             ->  Hash Join  (cost=2.53..58905.53 rows=300000 width=4) (actual time=0.140..891.166 rows=299436 loops=1)
                                                   Hash Cond: (customer.c_nationkey = n1.n_nationkey)
                                                   Buffers: shared hit=4 read=35276
                                                   ->  Seq Scan on customer  (cost=0.00..50278.00 rows=1500000 width=8) (actual time=0.021..623.508 rows=1500000 loops=1)
                                                         Buffers: shared hit=2 read=35276
                                                   ->  Hash  (cost=2.47..2.47 rows=5 width=4) (actual time=0.076..0.076 rows=5 loops=1)
                                                         Buckets: 1024  Batches: 1  Memory Usage: 9kB
                                                         Buffers: shared hit=2
                                                         ->  Hash Join  (cost=1.07..2.47 rows=5 width=4) (actual time=0.065..0.071 rows=5 loops=1)
                                                               Hash Cond: (n1.n_regionkey = region.r_regionkey)
                                                               Buffers: shared hit=2
                                                               ->  Seq Scan on nation n1  (cost=0.00..1.25 rows=25 width=8) (actual time=0.003..0.005 rows=25 loops=1)
                                                                     Buffers: shared hit=1
                                                               ->  Hash  (cost=1.06..1.06 rows=1 width=4) (actual time=0.041..0.041 rows=1 loops=1)
                                                                     Buckets: 1024  Batches: 1  Memory Usage: 9kB
                                                                     Buffers: shared hit=1
                                                                     ->  Seq Scan on region  (cost=0.00..1.06 rows=1 width=4) (actual time=0.018..0.019 rows=1 loops=1)
                                                                           Filter: (r_name = 'AMERICA'::bpchar)
                                                                           Rows Removed by Filter: 4
                                                                           Buffers: shared hit=1
                     ->  Hash  (cost=3179.00..3179.00 rows=100000 width=8) (actual time=53.670..53.670 rows=100000 loops=1)
                           Buckets: 131072  Batches: 1  Memory Usage: 4931kB
                           Buffers: shared hit=2179
                           ->  Seq Scan on supplier  (cost=0.00..3179.00 rows=100000 width=8) (actual time=0.009..31.440 rows=100000 loops=1)
                                 Buffers: shared hit=2179
               ->  Hash  (cost=1.25..1.25 rows=25 width=30) (actual time=0.018..0.018 rows=25 loops=1)
                     Buckets: 1024  Batches: 1  Memory Usage: 10kB
                     Buffers: shared hit=1
                     ->  Seq Scan on nation n2  (cost=0.00..1.25 rows=25 width=30) (actual time=0.003..0.007 rows=25 loops=1)
                           Buffers: shared hit=1
 Planning time: 7.212 ms
 Execution time: 32941.056 ms
(79 rows)

COMMIT;
COMMIT
