BEGIN;
BEGIN
EXPLAIN (ANALYZE, BUFFERS)
select
	s_name,
	count(*) as numwait
from
	supplier,
	lineitem l1,
	orders,
	nation
where
	s_suppkey = l1.l_suppkey
	and o_orderkey = l1.l_orderkey
	and o_orderstatus = 'F'
	and l1.l_receiptdate > l1.l_commitdate
	and exists (
		select
			*
		from
			lineitem l2
		where
			l2.l_orderkey = l1.l_orderkey
			and l2.l_suppkey <> l1.l_suppkey
	)
	and not exists (
		select
			*
		from
			lineitem l3
		where
			l3.l_orderkey = l1.l_orderkey
			and l3.l_suppkey <> l1.l_suppkey
			and l3.l_receiptdate > l3.l_commitdate
	)
	and s_nationkey = n_nationkey
	and n_name = 'ARGENTINA'
group by
	s_name
order by
	numwait desc,
	s_name
LIMIT 100;
                                                                                                    QUERY PLAN                                                                                                    
------------------------------------------------------------------------------------------------------------------------------------------------------------------------------------------------------------------
 Limit  (cost=5464414.55..5464414.56 rows=1 width=26) (actual time=78921.683..78921.701 rows=100 loops=1)
   Buffers: shared hit=3462197 read=875448 dirtied=150 written=22956
   ->  Sort  (cost=5464414.55..5464414.56 rows=1 width=26) (actual time=78921.679..78921.685 rows=100 loops=1)
         Sort Key: (count(*)), supplier.s_name
         Sort Method: top-N heapsort  Memory: 32kB
         Buffers: shared hit=3462197 read=875448 dirtied=150 written=22956
         ->  HashAggregate  (cost=5464414.53..5464414.54 rows=1 width=26) (actual time=78918.162..78920.460 rows=4007 loops=1)
               Group Key: supplier.s_name
               Buffers: shared hit=3462189 read=875448 dirtied=150 written=22956
               ->  Merge Semi Join  (cost=1612037.84..5464414.53 rows=1 width=26) (actual time=37312.845..78833.795 rows=39849 loops=1)
                     Merge Cond: (orders.o_orderkey = l2.l_orderkey)
                     Join Filter: (l2.l_suppkey <> l1.l_suppkey)
                     Rows Removed by Join Filter: 42224
                     Buffers: shared hit=3462189 read=875448 dirtied=150 written=22956
                     ->  Merge Anti Join  (cost=1612024.38..2630776.82 rows=395200 width=38) (actual time=37312.488..59125.741 rows=66403 loops=1)
                           Merge Cond: (l1.l_orderkey = l3.l_orderkey)
                           Join Filter: (l3.l_suppkey <> l1.l_suppkey)
                           Rows Removed by Join Filter: 267872
                           Buffers: shared hit=2184976 read=707653 dirtied=150 written=19836
                           ->  Sort  (cost=1612023.81..1613011.81 rows=395200 width=38) (actual time=37312.030..37458.599 rows=734271 loops=1)
                                 Sort Key: l1.l_orderkey
                                 Sort Method: quicksort  Memory: 81941kB
                                 Buffers: shared hit=1106228 read=469309 dirtied=150 written=14823
                                 ->  Hash Join  (cost=542349.50..1575285.58 rows=395200 width=38) (actual time=9515.565..36981.866 rows=734271 loops=1)
                                       Hash Cond: (l1.l_orderkey = orders.o_orderkey)
                                       Buffers: shared hit=1106225 read=469309 dirtied=150 written=14823
                                       ->  Hash Join  (cost=3645.89..1023524.23 rows=809399 width=34) (actual time=34.832..26219.735 rows=1520427 loops=1)
                                             Hash Cond: (l1.l_suppkey = supplier.s_suppkey)
                                             Buffers: shared hit=1105042 read=214185 dirtied=150 written=316
                                             ->  Index Scan using lineitem_l_orderkey_idx_part1 on lineitem l1  (cost=0.56..935903.73 rows=20234981 width=8) (actual time=0.119..18590.000 rows=37928071 loops=1)
                                                   Buffers: shared hit=1102859 read=214185 dirtied=150 written=316
                                             ->  Hash  (cost=3595.32..3595.32 rows=4000 width=30) (actual time=34.662..34.662 rows=4007 loops=1)
                                                   Buckets: 4096  Batches: 1  Memory Usage: 283kB
                                                   Buffers: shared hit=2180
                                                   ->  Hash Join  (cost=1.32..3595.32 rows=4000 width=30) (actual time=0.033..33.489 rows=4007 loops=1)
                                                         Hash Cond: (supplier.s_nationkey = nation.n_nationkey)
                                                         Buffers: shared hit=2180
                                                         ->  Seq Scan on supplier  (cost=0.00..3179.00 rows=100000 width=34) (actual time=0.004..19.043 rows=100000 loops=1)
                                                               Buffers: shared hit=2179
                                                         ->  Hash  (cost=1.31..1.31 rows=1 width=4) (actual time=0.015..0.015 rows=1 loops=1)
                                                               Buckets: 1024  Batches: 1  Memory Usage: 9kB
                                                               Buffers: shared hit=1
                                                               ->  Seq Scan on nation  (cost=0.00..1.31 rows=1 width=4) (actual time=0.006..0.010 rows=1 loops=1)
                                                                     Filter: (n_name = 'ARGENTINA'::bpchar)
                                                                     Rows Removed by Filter: 24
                                                                     Buffers: shared hit=1
                                       ->  Hash  (cost=446056.09..446056.09 rows=7411802 width=4) (actual time=9434.152..9434.152 rows=7309558 loops=1)
                                             Buckets: 8388608  Batches: 1  Memory Usage: 322513kB
                                             Buffers: shared hit=1183 read=255124 written=14507
                                             ->  Seq Scan on orders  (cost=0.00..446056.09 rows=7411802 width=4) (actual time=0.023..6662.435 rows=7309558 loops=1)
                                                   Filter: (o_orderstatus = 'F'::bpchar)
                                                   Rows Removed by Filter: 7690442
                                                   Buffers: shared hit=1183 read=255124 written=14507
                           ->  Index Scan using lineitem_l_orderkey_idx_part1 on lineitem l3  (cost=0.56..935903.73 rows=20234981 width=8) (actual time=0.170..17520.767 rows=37946044 loops=1)
                                 Buffers: shared hit=1078748 read=238344 written=5013
                     ->  Index Scan using lineitem_l_orderkey_idx on lineitem l2  (cost=0.56..2661141.69 rows=60704942 width=8) (actual time=0.088..13946.457 rows=59984225 loops=1)
                           Buffers: shared hit=1277213 read=167795 written=3120
 Planning time: 10.647 ms
 Execution time: 78947.244 ms
(59 rows)

COMMIT;
COMMIT
