BEGIN;
BEGIN
EXPLAIN (ANALYZE, BUFFERS)
select
	c_custkey,
	c_name,
	sum(l_extendedprice * (1 - l_discount)) as revenue,
	c_acctbal,
	n_name,
	c_address,
	c_phone,
	c_comment
from
	customer,
	orders,
	lineitem,
	nation
where
	c_custkey = o_custkey
	and l_orderkey = o_orderkey
	and o_orderdate >= date '1993-11-01'
	and o_orderdate < cast(date '1993-11-01' + interval '3 month' as date)
	and l_returnflag = 'R'
	and c_nationkey = n_nationkey
group by
	c_custkey,
	c_name,
	c_acctbal,
	c_phone,
	n_name,
	c_address,
	c_comment
order by
	revenue desc
LIMIT 20;
                                                                                                QUERY PLAN                                                                                                 
-----------------------------------------------------------------------------------------------------------------------------------------------------------------------------------------------------------
 Limit  (cost=1167639.83..1167639.88 rows=20 width=175) (actual time=27118.978..27118.986 rows=20 loops=1)
   Buffers: shared hit=1067257 read=387368 dirtied=454 written=5418
   ->  Sort  (cost=1167639.83..1169070.83 rows=572400 width=175) (actual time=27118.974..27118.979 rows=20 loops=1)
         Sort Key: (sum((lineitem.l_extendedprice * (1::double precision - lineitem.l_discount))))
         Sort Method: top-N heapsort  Memory: 30kB
         Buffers: shared hit=1067257 read=387368 dirtied=454 written=5418
         ->  HashAggregate  (cost=1146684.48..1152408.48 rows=572400 width=175) (actual time=26634.242..26968.072 rows=381213 loops=1)
               Group Key: customer.c_custkey, customer.c_name, customer.c_acctbal, customer.c_phone, nation.n_name, customer.c_address, customer.c_comment
               Buffers: shared hit=1067254 read=387368 dirtied=454 written=5418
               ->  Hash Join  (cost=356236.42..1132374.48 rows=572400 width=175) (actual time=6192.609..24628.653 rows=1146811 loops=1)
                     Hash Cond: (customer.c_nationkey = nation.n_nationkey)
                     Buffers: shared hit=1067254 read=387368 dirtied=454 written=5418
                     ->  Hash Join  (cost=356234.85..1124502.41 rows=572400 width=153) (actual time=6192.574..24257.014 rows=1146811 loops=1)
                           Hash Cond: (orders.o_custkey = customer.c_custkey)
                           Buffers: shared hit=1067253 read=387368 dirtied=454 written=5418
                           ->  Hash Join  (cost=287206.85..1046888.41 rows=572400 width=12) (actual time=4340.401..21269.741 rows=1146811 loops=1)
                                 Hash Cond: (lineitem.l_orderkey = orders.o_orderkey)
                                 Buffers: shared hit=1067252 read=352091 dirtied=454 written=4606
                                 ->  Index Scan using lineitem_l_orderkey_idx_l_returnflag on lineitem  (cost=0.43..697423.96 rows=15075744 width=12) (actual time=0.072..12270.308 rows=14808143 loops=1)
                                       Buffers: shared hit=1067251 read=117506 dirtied=454 written=1527
                                 ->  Hash  (cost=279937.88..279937.88 rows=581483 width=8) (actual time=4336.011..4336.011 rows=573523 loops=1)
                                       Buckets: 1048576  Batches: 1  Memory Usage: 30596kB
                                       Buffers: shared hit=1 read=234585 written=3079
                                       ->  Bitmap Heap Scan on orders  (cost=12628.64..279937.88 rows=581483 width=8) (actual time=284.398..4095.567 rows=573523 loops=1)
                                             Recheck Cond: ((o_orderdate >= '1993-11-01'::date) AND (o_orderdate < '1994-02-01'::date))
                                             Heap Blocks: exact=232912
                                             Buffers: shared hit=1 read=234585 written=3079
                                             ->  Bitmap Index Scan on orders_o_orderdate_o_orderkey_idx  (cost=0.00..12483.26 rows=581483 width=0) (actual time=206.864..206.864 rows=585566 loops=1)
                                                   Index Cond: ((o_orderdate >= '1993-11-01'::date) AND (o_orderdate < '1994-02-01'::date))
                                                   Buffers: shared read=1674 written=34
                           ->  Hash  (cost=50278.00..50278.00 rows=1500000 width=145) (actual time=1845.055..1845.055 rows=1500000 loops=1)
                                 Buckets: 2097152  Batches: 1  Memory Usage: 281501kB
                                 Buffers: shared hit=1 read=35277 written=812
                                 ->  Seq Scan on customer  (cost=0.00..50278.00 rows=1500000 width=145) (actual time=0.012..1023.168 rows=1500000 loops=1)
                                       Buffers: shared hit=1 read=35277 written=812
                     ->  Hash  (cost=1.25..1.25 rows=25 width=30) (actual time=0.019..0.019 rows=25 loops=1)
                           Buckets: 1024  Batches: 1  Memory Usage: 10kB
                           Buffers: shared hit=1
                           ->  Seq Scan on nation  (cost=0.00..1.25 rows=25 width=30) (actual time=0.005..0.008 rows=25 loops=1)
                                 Buffers: shared hit=1
 Planning time: 6.045 ms
 Execution time: 27134.299 ms
(42 rows)

COMMIT;
COMMIT
