BEGIN;
BEGIN
EXPLAIN (ANALYZE, BUFFERS)
select
	c_custkey,
	c_name,
	sum(l_extendedprice * (1 - l_discount)) as revenue,
	c_acctbal,
	n_name,
	c_address,
	c_phone,
	c_comment
from
	customer,
	orders,
	lineitem,
	nation
where
	c_custkey = o_custkey
	and l_orderkey = o_orderkey
	and o_orderdate >= date '1994-08-01'
	and o_orderdate < cast(date '1994-08-01' + interval '3 month' as date)
	and l_returnflag = 'R'
	and c_nationkey = n_nationkey
group by
	c_custkey,
	c_name,
	c_acctbal,
	c_phone,
	n_name,
	c_address,
	c_comment
order by
	revenue desc
LIMIT 20;
                                                                                                QUERY PLAN                                                                                                 
-----------------------------------------------------------------------------------------------------------------------------------------------------------------------------------------------------------
 Limit  (cost=1158732.97..1158733.02 rows=20 width=175) (actual time=23679.135..23679.140 rows=20 loops=1)
   Buffers: shared hit=1113990 read=329553 written=7349
   ->  Sort  (cost=1158732.97..1160180.86 rows=579156 width=175) (actual time=23679.133..23679.135 rows=20 loops=1)
         Sort Key: (sum((lineitem.l_extendedprice * (1::double precision - lineitem.l_discount))))
         Sort Method: top-N heapsort  Memory: 30kB
         Buffers: shared hit=1113990 read=329553 written=7349
         ->  HashAggregate  (cost=1137530.28..1143321.84 rows=579156 width=175) (actual time=23282.762..23531.668 rows=381555 loops=1)
               Group Key: customer.c_custkey, customer.c_name, customer.c_acctbal, customer.c_phone, nation.n_name, customer.c_address, customer.c_comment
               Buffers: shared hit=1113987 read=329553 written=7349
               ->  Hash Join  (cost=354042.72..1123051.38 rows=579156 width=175) (actual time=5850.342..21464.006 rows=1146697 loops=1)
                     Hash Cond: (customer.c_nationkey = nation.n_nationkey)
                     Buffers: shared hit=1113987 read=329553 written=7349
                     ->  Hash Join  (cost=354041.16..1115086.42 rows=579156 width=153) (actual time=5850.304..21081.315 rows=1146697 loops=1)
                           Hash Cond: (orders.o_custkey = customer.c_custkey)
                           Buffers: shared hit=1113986 read=329553 written=7349
                           ->  Hash Join  (cost=285013.16..1037371.08 rows=579156 width=12) (actual time=4079.286..18610.612 rows=1146697 loops=1)
                                 Hash Cond: (lineitem.l_orderkey = orders.o_orderkey)
                                 Buffers: shared hit=1113984 read=294277 written=7349
                                 ->  Index Scan using lineitem_l_orderkey_idx_l_returnflag on lineitem  (cost=0.43..690587.09 rows=14927923 width=12) (actual time=0.065..11194.288 rows=14822651 loops=1)
                                       Buffers: shared hit=1009469 read=166481 written=7342
                                 ->  Hash  (cost=277658.32..277658.32 rows=588352 width=8) (actual time=4074.214..4074.214 rows=573799 loops=1)
                                       Buckets: 1048576  Batches: 1  Memory Usage: 30607kB
                                       Buffers: shared hit=104515 read=127796 written=7
                                       ->  Bitmap Heap Scan on orders  (cost=12779.04..277658.32 rows=588352 width=8) (actual time=274.905..3841.469 rows=573799 loops=1)
                                             Recheck Cond: ((o_orderdate >= '1994-08-01'::date) AND (o_orderdate < '1994-11-01'::date))
                                             Heap Blocks: exact=230651
                                             Buffers: shared hit=104515 read=127796 written=7
                                             ->  Bitmap Index Scan on orders_o_orderdate_o_orderkey_idx  (cost=0.00..12631.95 rows=588352 width=0) (actual time=198.621..198.621 rows=579508 loops=1)
                                                   Index Cond: ((o_orderdate >= '1994-08-01'::date) AND (o_orderdate < '1994-11-01'::date))
                                                   Buffers: shared read=1660
                           ->  Hash  (cost=50278.00..50278.00 rows=1500000 width=145) (actual time=1759.808..1759.808 rows=1500000 loops=1)
                                 Buckets: 2097152  Batches: 1  Memory Usage: 281501kB
                                 Buffers: shared hit=2 read=35276
                                 ->  Seq Scan on customer  (cost=0.00..50278.00 rows=1500000 width=145) (actual time=0.015..935.156 rows=1500000 loops=1)
                                       Buffers: shared hit=2 read=35276
                     ->  Hash  (cost=1.25..1.25 rows=25 width=30) (actual time=0.022..0.022 rows=25 loops=1)
                           Buckets: 1024  Batches: 1  Memory Usage: 10kB
                           Buffers: shared hit=1
                           ->  Seq Scan on nation  (cost=0.00..1.25 rows=25 width=30) (actual time=0.005..0.006 rows=25 loops=1)
                                 Buffers: shared hit=1
 Planning time: 5.122 ms
 Execution time: 23693.194 ms
(42 rows)

COMMIT;
COMMIT
