BEGIN;
BEGIN
EXPLAIN
select
	sum(l_extendedprice* (1 - l_discount)) as revenue
from
	lineitem,
	part
where
	(
		p_partkey = l_partkey
		and p_brand = 'Brand#42'
		and p_container in ('SM CASE', 'SM BOX', 'SM PACK', 'SM PKG')
		and l_quantity >= 10 and l_quantity <= 10+10
		and p_size between 1 and 5
		and l_shipmode in ('AIR', 'AIR REG')
		and l_shipinstruct = 'DELIVER IN PERSON'
	)
	or
	(
		p_partkey = l_partkey
		and p_brand = 'Brand#42'
		and p_container in ('MED BAG', 'MED BOX', 'MED PKG', 'MED PACK')
		and l_quantity >= 17 and l_quantity <= 17+10
		and p_size between 1 and 10
		and l_shipmode in ('AIR', 'AIR REG')
		and l_shipinstruct = 'DELIVER IN PERSON'
	)
	or
	(
		p_partkey = l_partkey
		and p_brand = 'Brand#45'
		and p_container in ('LG CASE', 'LG BOX', 'LG PACK', 'LG PKG')
		and l_quantity >= 28 and l_quantity <= 28+10
		and p_size between 1 and 15
		and l_shipmode in ('AIR', 'AIR REG')
		and l_shipinstruct = 'DELIVER IN PERSON'
	);
                                                                                                                                                                                                                                                                                                                                                                                          QUERY PLAN                                                                                                                                                                                                                                                                                                                                                                                           
-----------------------------------------------------------------------------------------------------------------------------------------------------------------------------------------------------------------------------------------------------------------------------------------------------------------------------------------------------------------------------------------------------------------------------------------------------------------------------------------------------------------------------------------------------------------------------------------------------------------------------------------------------------------------------------------------------------------------------------------------------------------------------------------------
 Aggregate  (cost=2909742.91..2909742.92 rows=1 width=8)
   ->  Hash Join  (cost=37536.55..2909734.53 rows=1118 width=8)
         Hash Cond: (lineitem.l_partkey = part.p_partkey)
         Join Filter: (((part.p_brand = 'Brand#42'::bpchar) AND (part.p_container = ANY ('{"SM CASE","SM BOX","SM PACK","SM PKG"}'::bpchar[])) AND (lineitem.l_quantity >= 10::double precision) AND (lineitem.l_quantity <= 20::double precision) AND (part.p_size <= 5)) OR ((part.p_brand = 'Brand#42'::bpchar) AND (part.p_container = ANY ('{"MED BAG","MED BOX","MED PKG","MED PACK"}'::bpchar[])) AND (lineitem.l_quantity >= 17::double precision) AND (lineitem.l_quantity <= 27::double precision) AND (part.p_size <= 10)) OR ((part.p_brand = 'Brand#45'::bpchar) AND (part.p_container = ANY ('{"LG CASE","LG BOX","LG PACK","LG PKG"}'::bpchar[])) AND (lineitem.l_quantity >= 28::double precision) AND (lineitem.l_quantity <= 38::double precision) AND (part.p_size <= 15)))
         ->  Seq Scan on lineitem  (cost=0.00..2867839.04 rows=1123283 width=16)
               Filter: ((l_shipmode = ANY ('{AIR,"AIR REG"}'::bpchar[])) AND (l_shipinstruct = 'DELIVER IN PERSON'::bpchar) AND (((l_quantity >= 10::double precision) AND (l_quantity <= 20::double precision)) OR ((l_quantity >= 17::double precision) AND (l_quantity <= 27::double precision)) OR ((l_quantity >= 28::double precision) AND (l_quantity <= 38::double precision))))
         ->  Hash  (cost=37477.21..37477.21 rows=4747 width=30)
               ->  Bitmap Heap Scan on part  (cost=13413.87..37477.21 rows=4747 width=30)
                     Recheck Cond: (((p_container = ANY ('{"SM CASE","SM BOX","SM PACK","SM PKG"}'::bpchar[])) AND (p_brand = 'Brand#42'::bpchar) AND (p_size <= 5) AND (p_size >= 1)) OR ((p_container = ANY ('{"MED BAG","MED BOX","MED PKG","MED PACK"}'::bpchar[])) AND (p_brand = 'Brand#42'::bpchar) AND (p_size <= 10) AND (p_size >= 1)) OR ((p_container = ANY ('{"LG CASE","LG BOX","LG PACK","LG PKG"}'::bpchar[])) AND (p_brand = 'Brand#45'::bpchar)))
                     Filter: ((p_size >= 1) AND (((p_brand = 'Brand#42'::bpchar) AND (p_container = ANY ('{"SM CASE","SM BOX","SM PACK","SM PKG"}'::bpchar[])) AND (p_size <= 5)) OR ((p_brand = 'Brand#42'::bpchar) AND (p_container = ANY ('{"MED BAG","MED BOX","MED PKG","MED PACK"}'::bpchar[])) AND (p_size <= 10)) OR ((p_brand = 'Brand#45'::bpchar) AND (p_container = ANY ('{"LG CASE","LG BOX","LG PACK","LG PKG"}'::bpchar[])) AND (p_size <= 15))))
                     ->  BitmapOr  (cost=13413.87..13413.87 rows=10360 width=0)
                           ->  BitmapAnd  (cost=4477.91..4477.91 rows=786 width=0)
                                 ->  Bitmap Index Scan on part_p_container_p_brand_p_partkey_idx  (cost=0.00..272.19 rows=7850 width=0)
                                       Index Cond: ((p_container = ANY ('{"SM CASE","SM BOX","SM PACK","SM PKG"}'::bpchar[])) AND (p_brand = 'Brand#42'::bpchar))
                                 ->  Bitmap Index Scan on part_p_size_idx  (cost=0.00..4203.10 rows=200267 width=0)
                                       Index Cond: ((p_size <= 5) AND (p_size >= 1))
                           ->  BitmapAnd  (cost=8644.76..8644.76 rows=1568 width=0)
                                 ->  Bitmap Index Scan on part_p_container_p_brand_p_partkey_idx  (cost=0.00..272.31 rows=7859 width=0)
                                       Index Cond: ((p_container = ANY ('{"MED BAG","MED BOX","MED PKG","MED PACK"}'::bpchar[])) AND (p_brand = 'Brand#42'::bpchar))
                                 ->  Bitmap Index Scan on part_p_size_idx  (cost=0.00..8369.83 rows=398940 width=0)
                                       Index Cond: ((p_size <= 10) AND (p_size >= 1))
                           ->  Bitmap Index Scan on part_p_container_p_brand_p_partkey_idx  (cost=0.00..289.75 rows=8006 width=0)
                                 Index Cond: ((p_container = ANY ('{"LG CASE","LG BOX","LG PACK","LG PKG"}'::bpchar[])) AND (p_brand = 'Brand#45'::bpchar))
 Planning time: 4.139 ms
(24 rows)

COMMIT;
COMMIT
