BEGIN;
BEGIN
EXPLAIN (ANALYZE, BUFFERS)
select
	c_custkey,
	c_name,
	sum(l_extendedprice * (1 - l_discount)) as revenue,
	c_acctbal,
	n_name,
	c_address,
	c_phone,
	c_comment
from
	customer,
	orders,
	lineitem,
	nation
where
	c_custkey = o_custkey
	and l_orderkey = o_orderkey
	and o_orderdate >= date '1994-08-01'
	and o_orderdate < cast(date '1994-08-01' + interval '3 month' as date)
	and l_returnflag = 'R'
	and c_nationkey = n_nationkey
group by
	c_custkey,
	c_name,
	c_acctbal,
	c_phone,
	n_name,
	c_address,
	c_comment
order by
	revenue desc
LIMIT 20;
                                                                                                QUERY PLAN                                                                                                 
-----------------------------------------------------------------------------------------------------------------------------------------------------------------------------------------------------------
 Limit  (cost=1161964.55..1161964.60 rows=20 width=175) (actual time=26319.086..26319.095 rows=20 loops=1)
   Buffers: shared hit=1090543 read=366704 dirtied=562 written=5122
   ->  Sort  (cost=1161964.55..1163416.74 rows=580876 width=175) (actual time=26319.082..26319.085 rows=20 loops=1)
         Sort Key: (sum((lineitem.l_extendedprice * (1::double precision - lineitem.l_discount))))
         Sort Method: top-N heapsort  Memory: 30kB
         Buffers: shared hit=1090543 read=366704 dirtied=562 written=5122
         ->  HashAggregate  (cost=1140698.88..1146507.64 rows=580876 width=175) (actual time=25901.774..26170.243 rows=381555 loops=1)
               Group Key: customer.c_custkey, customer.c_name, customer.c_acctbal, customer.c_phone, nation.n_name, customer.c_address, customer.c_comment
               Buffers: shared hit=1090540 read=366704 dirtied=562 written=5122
               ->  Hash Join  (cost=354887.56..1126176.98 rows=580876 width=175) (actual time=5859.664..23677.926 rows=1146653 loops=1)
                     Hash Cond: (customer.c_nationkey = nation.n_nationkey)
                     Buffers: shared hit=1090540 read=366704 dirtied=562 written=5122
                     ->  Hash Join  (cost=354885.99..1118188.38 rows=580876 width=153) (actual time=5859.620..23297.446 rows=1146653 loops=1)
                           Hash Cond: (orders.o_custkey = customer.c_custkey)
                           Buffers: shared hit=1090539 read=366704 dirtied=562 written=5122
                           ->  Hash Join  (cost=285857.99..1040447.24 rows=580876 width=12) (actual time=4122.748..20363.182 rows=1146653 loops=1)
                                 Hash Cond: (lineitem.l_orderkey = orders.o_orderkey)
                                 Buffers: shared hit=1065310 read=356655 dirtied=562 written=5111
                                 ->  Index Scan using lineitem_l_orderkey_idx_l_returnflag on lineitem  (cost=0.43..692634.95 rows=14972258 width=12) (actual time=0.109..11467.117 rows=14822462 loops=1)
                                       Buffers: shared hit=1041368 read=147624 dirtied=341 written=4538
                                 ->  Hash  (cost=278481.36..278481.36 rows=590096 width=8) (actual time=4114.876..4114.876 rows=573766 loops=1)
                                       Buckets: 1048576  Batches: 1  Memory Usage: 30605kB
                                       Buffers: shared hit=23942 read=209031 dirtied=221 written=573
                                       ->  Bitmap Heap Scan on orders  (cost=12816.92..278481.36 rows=590096 width=8) (actual time=366.883..3855.831 rows=573766 loops=1)
                                             Recheck Cond: ((o_orderdate >= '1994-08-01'::date) AND (o_orderdate < '1994-11-01'::date))
                                             Heap Blocks: exact=231311
                                             Buffers: shared hit=23942 read=209031 dirtied=221 written=573
                                             ->  Bitmap Index Scan on orders_o_orderdate_o_orderkey_idx  (cost=0.00..12669.39 rows=590096 width=0) (actual time=262.434..262.434 rows=581172 loops=1)
                                                   Index Cond: ((o_orderdate >= '1994-08-01'::date) AND (o_orderdate < '1994-11-01'::date))
                                                   Buffers: shared read=1662 written=8
                           ->  Hash  (cost=50278.00..50278.00 rows=1500000 width=145) (actual time=1728.818..1728.818 rows=1500000 loops=1)
                                 Buckets: 2097152  Batches: 1  Memory Usage: 281501kB
                                 Buffers: shared hit=25229 read=10049 written=11
                                 ->  Seq Scan on customer  (cost=0.00..50278.00 rows=1500000 width=145) (actual time=0.020..782.582 rows=1500000 loops=1)
                                       Buffers: shared hit=25229 read=10049 written=11
                     ->  Hash  (cost=1.25..1.25 rows=25 width=30) (actual time=0.021..0.021 rows=25 loops=1)
                           Buckets: 1024  Batches: 1  Memory Usage: 10kB
                           Buffers: shared hit=1
                           ->  Seq Scan on nation  (cost=0.00..1.25 rows=25 width=30) (actual time=0.007..0.012 rows=25 loops=1)
                                 Buffers: shared hit=1
 Planning time: 5.691 ms
 Execution time: 26342.230 ms
(42 rows)

COMMIT;
COMMIT
