BEGIN;
BEGIN
EXPLAIN (ANALYZE, BUFFERS)
select
	sum(l_extendedprice* (1 - l_discount)) as revenue
from
	lineitem,
	part
where
	(
		p_partkey = l_partkey
		and p_brand = 'Brand#55'
		and p_container in ('SM CASE', 'SM BOX', 'SM PACK', 'SM PKG')
		and l_quantity >= 2 and l_quantity <= 2+10
		and p_size between 1 and 5
		and l_shipmode in ('AIR', 'AIR REG')
		and l_shipinstruct = 'DELIVER IN PERSON'
	)
	or
	(
		p_partkey = l_partkey
		and p_brand = 'Brand#44'
		and p_container in ('MED BAG', 'MED BOX', 'MED PKG', 'MED PACK')
		and l_quantity >= 15 and l_quantity <= 15+10
		and p_size between 1 and 10
		and l_shipmode in ('AIR', 'AIR REG')
		and l_shipinstruct = 'DELIVER IN PERSON'
	)
	or
	(
		p_partkey = l_partkey
		and p_brand = 'Brand#35'
		and p_container in ('LG CASE', 'LG BOX', 'LG PACK', 'LG PKG')
		and l_quantity >= 22 and l_quantity <= 22+10
		and p_size between 1 and 15
		and l_shipmode in ('AIR', 'AIR REG')
		and l_shipinstruct = 'DELIVER IN PERSON'
	);
                                                                                                                                                                                                                                                                                                                                                                                          QUERY PLAN                                                                                                                                                                                                                                                                                                                                                                                          
----------------------------------------------------------------------------------------------------------------------------------------------------------------------------------------------------------------------------------------------------------------------------------------------------------------------------------------------------------------------------------------------------------------------------------------------------------------------------------------------------------------------------------------------------------------------------------------------------------------------------------------------------------------------------------------------------------------------------------------------------------------------------------------------
 Aggregate  (cost=2919085.53..2919085.54 rows=1 width=8) (actual time=27013.052..27013.053 rows=1 loops=1)
   Buffers: shared hit=669065 read=407967 written=395
   ->  Hash Join  (cost=39877.64..2919077.02 rows=1134 width=8) (actual time=324.805..27009.739 rows=1142 loops=1)
         Hash Cond: (lineitem.l_partkey = part.p_partkey)
         Join Filter: (((part.p_brand = 'Brand#55'::bpchar) AND (part.p_container = ANY ('{"SM CASE","SM BOX","SM PACK","SM PKG"}'::bpchar[])) AND (lineitem.l_quantity >= 2::double precision) AND (lineitem.l_quantity <= 12::double precision) AND (part.p_size <= 5)) OR ((part.p_brand = 'Brand#44'::bpchar) AND (part.p_container = ANY ('{"MED BAG","MED BOX","MED PKG","MED PACK"}'::bpchar[])) AND (lineitem.l_quantity >= 15::double precision) AND (lineitem.l_quantity <= 25::double precision) AND (part.p_size <= 10)) OR ((part.p_brand = 'Brand#35'::bpchar) AND (part.p_container = ANY ('{"LG CASE","LG BOX","LG PACK","LG PKG"}'::bpchar[])) AND (lineitem.l_quantity >= 22::double precision) AND (lineitem.l_quantity <= 32::double precision) AND (part.p_size <= 15)))
         Rows Removed by Join Filter: 1874
         Buffers: shared hit=669065 read=407967 written=395
         ->  Seq Scan on lineitem  (cost=0.00..2874836.04 rows=1123944 width=16) (actual time=0.137..26219.603 rows=1242315 loops=1)
               Filter: ((l_shipmode = ANY ('{AIR,"AIR REG"}'::bpchar[])) AND (l_shipinstruct = 'DELIVER IN PERSON'::bpchar) AND (((l_quantity >= 2::double precision) AND (l_quantity <= 12::double precision)) OR ((l_quantity >= 15::double precision) AND (l_quantity <= 25::double precision)) OR ((l_quantity >= 22::double precision) AND (l_quantity <= 32::double precision))))
               Rows Removed by Filter: 58743338
               Buffers: shared hit=667314 read=401771 written=6
         ->  Hash  (cost=39817.56..39817.56 rows=4806 width=30) (actual time=315.656..315.656 rows=4782 loops=1)
               Buckets: 8192  Batches: 1  Memory Usage: 363kB
               Buffers: shared hit=1748 read=6196 written=389
               ->  Bitmap Heap Scan on part  (cost=26009.54..39817.56 rows=4806 width=30) (actual time=240.042..313.286 rows=4782 loops=1)
                     Recheck Cond: (((p_container = ANY ('{"SM CASE","SM BOX","SM PACK","SM PKG"}'::bpchar[])) AND (p_brand = 'Brand#55'::bpchar) AND (p_size <= 5) AND (p_size >= 1)) OR ((p_container = ANY ('{"MED BAG","MED BOX","MED PKG","MED PACK"}'::bpchar[])) AND (p_brand = 'Brand#44'::bpchar) AND (p_size <= 10) AND (p_size >= 1)) OR ((p_container = ANY ('{"LG CASE","LG BOX","LG PACK","LG PKG"}'::bpchar[])) AND (p_brand = 'Brand#35'::bpchar) AND (p_size <= 15) AND (p_size >= 1)))
                     Heap Blocks: exact=4483
                     Buffers: shared hit=1748 read=6196 written=389
                     ->  BitmapOr  (cost=26009.54..26009.54 rows=4810 width=0) (actual time=239.181..239.181 rows=0 loops=1)
                           Buffers: shared hit=1653 read=1808 written=108
                           ->  BitmapAnd  (cost=4494.58..4494.58 rows=792 width=0) (actual time=53.167..53.167 rows=0 loops=1)
                                 Buffers: shared hit=3 read=606 written=38
                                 ->  Bitmap Index Scan on part_p_container_p_brand_p_partkey_idx  (cost=0.00..288.83 rows=7912 width=0) (actual time=3.865..3.865 rows=8101 loops=1)
                                       Index Cond: ((p_container = ANY ('{"SM CASE","SM BOX","SM PACK","SM PKG"}'::bpchar[])) AND (p_brand = 'Brand#55'::bpchar))
                                       Buffers: shared hit=3 read=58 written=4
                                 ->  Bitmap Index Scan on part_p_size_idx  (cost=0.00..4203.10 rows=200267 width=0) (actual time=47.177..47.177 rows=199678 loops=1)
                                       Index Cond: ((p_size <= 5) AND (p_size >= 1))
                                       Buffers: shared read=548 written=34
                           ->  BitmapAnd  (cost=8661.79..8661.79 rows=1588 width=0) (actual time=81.313..81.313 rows=0 loops=1)
                                 Buffers: shared hit=552 read=602 written=42
                                 ->  Bitmap Index Scan on part_p_container_p_brand_p_partkey_idx  (cost=0.00..289.31 rows=7959 width=0) (actual time=3.537..3.537 rows=8078 loops=1)
                                       Index Cond: ((p_container = ANY ('{"MED BAG","MED BOX","MED PKG","MED PACK"}'::bpchar[])) AND (p_brand = 'Brand#44'::bpchar))
                                       Buffers: shared hit=4 read=56 written=2
                                 ->  Bitmap Index Scan on part_p_size_idx  (cost=0.00..8369.83 rows=398940 width=0) (actual time=75.759..75.759 rows=399409 loops=1)
                                       Index Cond: ((p_size <= 10) AND (p_size >= 1))
                                       Buffers: shared hit=548 read=546 written=40
                           ->  BitmapAnd  (cost=12852.66..12852.66 rows=2430 width=0) (actual time=103.993..103.993 rows=0 loops=1)
                                 Buffers: shared hit=1098 read=600 written=28
                                 ->  Bitmap Index Scan on part_p_container_p_brand_p_partkey_idx  (cost=0.00..290.91 rows=8118 width=0) (actual time=3.260..3.260 rows=8038 loops=1)
                                       Index Cond: ((p_container = ANY ('{"LG CASE","LG BOX","LG PACK","LG PKG"}'::bpchar[])) AND (p_brand = 'Brand#35'::bpchar))
                                       Buffers: shared hit=4 read=56 written=4
                                 ->  Bitmap Index Scan on part_p_size_idx  (cost=0.00..12559.10 rows=598667 width=0) (actual time=98.735..98.735 rows=598661 loops=1)
                                       Index Cond: ((p_size <= 15) AND (p_size >= 1))
                                       Buffers: shared hit=1094 read=544 written=24
 Planning time: 4.088 ms
 Execution time: 27013.453 ms
(46 rows)

COMMIT;
COMMIT
