BEGIN;
BEGIN
EXPLAIN (ANALYZE, BUFFERS)
select
	s_name,
	count(*) as numwait
from
	supplier,
	lineitem l1,
	orders,
	nation
where
	s_suppkey = l1.l_suppkey
	and o_orderkey = l1.l_orderkey
	and o_orderstatus = 'F'
	and l1.l_receiptdate > l1.l_commitdate
	and exists (
		select
			*
		from
			lineitem l2
		where
			l2.l_orderkey = l1.l_orderkey
			and l2.l_suppkey <> l1.l_suppkey
	)
	and not exists (
		select
			*
		from
			lineitem l3
		where
			l3.l_orderkey = l1.l_orderkey
			and l3.l_suppkey <> l1.l_suppkey
			and l3.l_receiptdate > l3.l_commitdate
	)
	and s_nationkey = n_nationkey
	and n_name = 'ROMANIA'
group by
	s_name
order by
	numwait desc,
	s_name
LIMIT 100;
                                                                                                    QUERY PLAN                                                                                                    
------------------------------------------------------------------------------------------------------------------------------------------------------------------------------------------------------------------
 Limit  (cost=5404750.29..5404750.29 rows=1 width=26) (actual time=74947.220..74947.240 rows=100 loops=1)
   Buffers: shared hit=2834626 read=1352968 dirtied=548 written=20260
   ->  Sort  (cost=5404750.29..5404750.29 rows=1 width=26) (actual time=74947.217..74947.224 rows=100 loops=1)
         Sort Key: (count(*)), supplier.s_name
         Sort Method: top-N heapsort  Memory: 32kB
         Buffers: shared hit=2834626 read=1352968 dirtied=548 written=20260
         ->  HashAggregate  (cost=5404750.27..5404750.28 rows=1 width=26) (actual time=74944.946..74946.122 rows=4029 loops=1)
               Group Key: supplier.s_name
               Buffers: shared hit=2834618 read=1352968 dirtied=548 written=20260
               ->  Merge Semi Join  (cost=1596129.53..5404750.26 rows=1 width=26) (actual time=33834.799..74867.941 rows=39732 loops=1)
                     Merge Cond: (orders.o_orderkey = l2.l_orderkey)
                     Join Filter: (l2.l_suppkey <> l1.l_suppkey)
                     Rows Removed by Join Filter: 41971
                     Buffers: shared hit=2834618 read=1352968 dirtied=548 written=20260
                     ->  Merge Anti Join  (cost=1596116.06..2604516.57 rows=391299 width=38) (actual time=33832.731..55472.523 rows=66299 loops=1)
                           Merge Cond: (l1.l_orderkey = l3.l_orderkey)
                           Join Filter: (l3.l_suppkey <> l1.l_suppkey)
                           Rows Removed by Join Filter: 268656
                           Buffers: shared hit=1605093 read=1188638 dirtied=547 written=17784
                           ->  Sort  (cost=1596115.50..1597093.75 rows=391299 width=38) (actual time=33832.468..33996.575 rows=738692 loops=1)
                                 Sort Key: l1.l_orderkey
                                 Sort Method: quicksort  Memory: 82287kB
                                 Buffers: shared hit=1042839 read=479063 written=12287
                                 ->  Hash Join  (cost=537027.77..1559767.91 rows=391299 width=38) (actual time=7411.793..33421.768 rows=738692 loops=1)
                                       Hash Cond: (l1.l_orderkey = orders.o_orderkey)
                                       Buffers: shared hit=1042836 read=479063 written=12287
                                       ->  Hash Join  (cost=3645.89..1013457.18 rows=801410 width=34) (actual time=45.224..24619.723 rows=1528960 loops=1)
                                             Hash Cond: (l1.l_suppkey = supplier.s_suppkey)
                                             Buffers: shared hit=804927 read=463197 written=12287
                                             ->  Index Scan using lineitem_l_orderkey_idx_part1 on lineitem l1  (cost=0.56..926665.54 rows=20035256 width=8) (actual time=0.043..17426.200 rows=37966905 loops=1)
                                                   Buffers: shared hit=802744 read=463197 written=12287
                                             ->  Hash  (cost=3595.32..3595.32 rows=4000 width=30) (actual time=45.118..45.118 rows=4029 loops=1)
                                                   Buckets: 4096  Batches: 1  Memory Usage: 284kB
                                                   Buffers: shared hit=2180
                                                   ->  Hash Join  (cost=1.32..3595.32 rows=4000 width=30) (actual time=0.062..43.825 rows=4029 loops=1)
                                                         Hash Cond: (supplier.s_nationkey = nation.n_nationkey)
                                                         Buffers: shared hit=2180
                                                         ->  Seq Scan on supplier  (cost=0.00..3179.00 rows=100000 width=34) (actual time=0.008..28.529 rows=100000 loops=1)
                                                               Buffers: shared hit=2179
                                                         ->  Hash  (cost=1.31..1.31 rows=1 width=4) (actual time=0.026..0.026 rows=1 loops=1)
                                                               Buckets: 1024  Batches: 1  Memory Usage: 9kB
                                                               Buffers: shared hit=1
                                                               ->  Seq Scan on nation  (cost=0.00..1.31 rows=1 width=4) (actual time=0.020..0.022 rows=1 loops=1)
                                                                     Filter: (n_name = 'ROMANIA'::bpchar)
                                                                     Rows Removed by Filter: 24
                                                                     Buffers: shared hit=1
                                       ->  Hash  (cost=441649.60..441649.60 rows=7338582 width=4) (actual time=7096.360..7096.360 rows=7316684 loops=1)
                                             Buckets: 8388608  Batches: 1  Memory Usage: 322764kB
                                             Buffers: shared hit=237909 read=15866
                                             ->  Seq Scan on orders  (cost=0.00..441649.60 rows=7338582 width=4) (actual time=0.043..4455.541 rows=7316684 loops=1)
                                                   Filter: (o_orderstatus = 'F'::bpchar)
                                                   Rows Removed by Filter: 7698316
                                                   Buffers: shared hit=237909 read=15866
                           ->  Index Scan using lineitem_l_orderkey_idx_part1 on lineitem l3  (cost=0.56..926665.54 rows=20035256 width=8) (actual time=0.080..17275.569 rows=37985268 loops=1)
                                 Buffers: shared hit=562254 read=709575 dirtied=547 written=5497
                     ->  Index Scan using lineitem_l_orderkey_idx on lineitem l2  (cost=0.56..2629440.10 rows=60105769 width=8) (actual time=0.047..13538.403 rows=60045540 loops=1)
                           Buffers: shared hit=1229525 read=164330 dirtied=1 written=2476
 Planning time: 9.343 ms
 Execution time: 74983.346 ms
(59 rows)

COMMIT;
COMMIT
