BEGIN;
BEGIN
EXPLAIN (ANALYZE, BUFFERS)
select
	o_year,
	sum(case
		when nation = 'IRAQ' then volume
		else 0
	end) / sum(volume) as mkt_share
from
	(
		select
			extract(year from o_orderdate) as o_year,
			l_extendedprice * (1 - l_discount) as volume,
			n2.n_name as nation
		from
			part,
			supplier,
			lineitem,
			orders,
			customer,
			nation n1,
			nation n2,
			region
		where
			p_partkey = l_partkey
			and s_suppkey = l_suppkey
			and l_orderkey = o_orderkey
			and o_custkey = c_custkey
			and c_nationkey = n1.n_nationkey
			and n1.n_regionkey = r_regionkey
			and r_name = 'MIDDLE EAST'
			and s_nationkey = n2.n_nationkey
			and o_orderdate between date '1995-01-01' and date '1996-12-31'
			and p_type = 'SMALL BRUSHED TIN'
	) as all_nations
group by
	o_year
order by
	o_year;
                                                                                                QUERY PLAN                                                                                                
----------------------------------------------------------------------------------------------------------------------------------------------------------------------------------------------------------
 Sort  (cost=2468331.99..2468333.81 rows=727 width=38) (actual time=30414.184..30414.184 rows=2 loops=1)
   Sort Key: (date_part('year'::text, (orders.o_orderdate)::timestamp without time zone))
   Sort Method: quicksort  Memory: 25kB
   Buffers: shared hit=1119407 read=271865 dirtied=1 written=171
   ->  HashAggregate  (cost=2468284.72..2468297.44 rows=727 width=38) (actual time=30414.123..30414.124 rows=2 loops=1)
         Group Key: date_part('year'::text, (orders.o_orderdate)::timestamp without time zone)
         Buffers: shared hit=1119404 read=271865 dirtied=1 written=171
         ->  Hash Join  (cost=555862.48..2467794.18 rows=24527 width=38) (actual time=7524.203..30375.161 rows=24521 loops=1)
               Hash Cond: (supplier.s_nationkey = n2.n_nationkey)
               Buffers: shared hit=1119404 read=271865 dirtied=1 written=171
               ->  Hash Join  (cost=555860.92..2467332.73 rows=24527 width=16) (actual time=7524.125..30337.888 rows=24521 loops=1)
                     Hash Cond: (lineitem.l_suppkey = supplier.s_suppkey)
                     Buffers: shared hit=1119400 read=271865 dirtied=1 written=171
                     ->  Hash Join  (cost=551431.92..2462566.49 rows=24527 width=16) (actual time=7464.905..30254.306 rows=24521 loops=1)
                           Hash Cond: (lineitem.l_orderkey = orders.o_orderkey)
                           Buffers: shared hit=1117221 read=271865 dirtied=1 written=171
                           ->  Hash Join  (cost=28411.76..1937778.15 rows=406110 width=16) (actual time=216.433..22826.842 rows=404636 loops=1)
                                 Hash Cond: (lineitem.l_partkey = part.p_partkey)
                                 Buffers: shared hit=908730 read=176723 dirtied=1 written=42
                                 ->  Seq Scan on lineitem  (cost=0.00..1678563.30 rows=60464530 width=20) (actual time=0.021..12717.948 rows=60044664 loops=1)
                                       Buffers: shared hit=908111 read=165807 dirtied=1 written=9
                                 ->  Hash  (cost=28243.85..28243.85 rows=13433 width=4) (actual time=216.239..216.239 rows=13459 loops=1)
                                       Buckets: 16384  Batches: 1  Memory Usage: 602kB
                                       Buffers: shared hit=619 read=10916 written=33
                                       ->  Bitmap Heap Scan on part  (cost=416.53..28243.85 rows=13433 width=4) (actual time=6.829..209.851 rows=13459 loops=1)
                                             Recheck Cond: ((p_type)::text = 'SMALL BRUSHED TIN'::text)
                                             Heap Blocks: exact=11466
                                             Buffers: shared hit=619 read=10916 written=33
                                             ->  Bitmap Index Scan on part_p_type_p_partkey_idx  (cost=0.00..413.18 rows=13433 width=0) (actual time=4.630..4.630 rows=13459 loops=1)
                                                   Index Cond: ((p_type)::text = 'SMALL BRUSHED TIN'::text)
                                                   Buffers: shared read=69 written=2
                           ->  Hash  (cost=511605.74..511605.74 rows=913153 width=8) (actual time=7242.885..7242.885 rows=911420 loops=1)
                                 Buckets: 1048576  Batches: 1  Memory Usage: 43795kB
                                 Buffers: shared hit=208491 read=95142 written=129
                                 ->  Hash Join  (cost=161571.08..511605.74 rows=913153 width=8) (actual time=2592.977..6961.271 rows=911420 loops=1)
                                       Hash Cond: (orders.o_custkey = customer.c_custkey)
                                       Buffers: shared hit=208491 read=95142 written=129
                                       ->  Bitmap Heap Scan on orders  (cost=98915.55..422697.05 rows=4565767 width=12) (actual time=1532.942..4333.302 rows=4561656 loops=1)
                                             Recheck Cond: ((o_orderdate >= '1995-01-01'::date) AND (o_orderdate <= '1996-12-31'::date))
                                             Heap Blocks: exact=255295
                                             Buffers: shared hit=208487 read=59866 written=14
                                             ->  Bitmap Index Scan on orders_o_orderdate_o_orderkey_idx  (cost=0.00..97774.10 rows=4565767 width=0) (actual time=1447.894..1447.894 rows=4593594 loops=1)
                                                   Index Cond: ((o_orderdate >= '1995-01-01'::date) AND (o_orderdate <= '1996-12-31'::date))
                                                   Buffers: shared read=13058 written=7
                                       ->  Hash  (cost=58905.53..58905.53 rows=300000 width=4) (actual time=1057.064..1057.064 rows=299838 loops=1)
                                             Buckets: 524288  Batches: 1  Memory Usage: 14638kB
                                             Buffers: shared hit=4 read=35276 written=115
                                             ->  Hash Join  (cost=2.53..58905.53 rows=300000 width=4) (actual time=0.113..965.781 rows=299838 loops=1)
                                                   Hash Cond: (customer.c_nationkey = n1.n_nationkey)
                                                   Buffers: shared hit=4 read=35276 written=115
                                                   ->  Seq Scan on customer  (cost=0.00..50278.00 rows=1500000 width=8) (actual time=0.015..701.845 rows=1500000 loops=1)
                                                         Buffers: shared hit=2 read=35276 written=115
                                                   ->  Hash  (cost=2.47..2.47 rows=5 width=4) (actual time=0.068..0.068 rows=5 loops=1)
                                                         Buckets: 1024  Batches: 1  Memory Usage: 9kB
                                                         Buffers: shared hit=2
                                                         ->  Hash Join  (cost=1.07..2.47 rows=5 width=4) (actual time=0.058..0.063 rows=5 loops=1)
                                                               Hash Cond: (n1.n_regionkey = region.r_regionkey)
                                                               Buffers: shared hit=2
                                                               ->  Seq Scan on nation n1  (cost=0.00..1.25 rows=25 width=8) (actual time=0.005..0.007 rows=25 loops=1)
                                                                     Buffers: shared hit=1
                                                               ->  Hash  (cost=1.06..1.06 rows=1 width=4) (actual time=0.031..0.031 rows=1 loops=1)
                                                                     Buckets: 1024  Batches: 1  Memory Usage: 9kB
                                                                     Buffers: shared hit=1
                                                                     ->  Seq Scan on region  (cost=0.00..1.06 rows=1 width=4) (actual time=0.025..0.026 rows=1 loops=1)
                                                                           Filter: (r_name = 'MIDDLE EAST'::bpchar)
                                                                           Rows Removed by Filter: 4
                                                                           Buffers: shared hit=1
                     ->  Hash  (cost=3179.00..3179.00 rows=100000 width=8) (actual time=58.481..58.481 rows=100000 loops=1)
                           Buckets: 131072  Batches: 1  Memory Usage: 4931kB
                           Buffers: shared hit=2179
                           ->  Seq Scan on supplier  (cost=0.00..3179.00 rows=100000 width=8) (actual time=0.009..34.671 rows=100000 loops=1)
                                 Buffers: shared hit=2179
               ->  Hash  (cost=1.25..1.25 rows=25 width=30) (actual time=0.017..0.017 rows=25 loops=1)
                     Buckets: 1024  Batches: 1  Memory Usage: 10kB
                     Buffers: shared hit=1
                     ->  Seq Scan on nation n2  (cost=0.00..1.25 rows=25 width=30) (actual time=0.002..0.005 rows=25 loops=1)
                           Buffers: shared hit=1
 Planning time: 8.888 ms
 Execution time: 30417.772 ms
(79 rows)

COMMIT;
COMMIT
