BEGIN;
BEGIN
EXPLAIN (ANALYZE, BUFFERS)
select
	o_year,
	sum(case
		when nation = 'RUSSIA' then volume
		else 0
	end) / sum(volume) as mkt_share
from
	(
		select
			extract(year from o_orderdate) as o_year,
			l_extendedprice * (1 - l_discount) as volume,
			n2.n_name as nation
		from
			part,
			supplier,
			lineitem,
			orders,
			customer,
			nation n1,
			nation n2,
			region
		where
			p_partkey = l_partkey
			and s_suppkey = l_suppkey
			and l_orderkey = o_orderkey
			and o_custkey = c_custkey
			and c_nationkey = n1.n_nationkey
			and n1.n_regionkey = r_regionkey
			and r_name = 'EUROPE'
			and s_nationkey = n2.n_nationkey
			and o_orderdate between date '1995-01-01' and date '1996-12-31'
			and p_type = 'ECONOMY POLISHED NICKEL'
	) as all_nations
group by
	o_year
order by
	o_year;
                                                                                                QUERY PLAN                                                                                                
----------------------------------------------------------------------------------------------------------------------------------------------------------------------------------------------------------
 Sort  (cost=2465992.52..2465994.34 rows=727 width=38) (actual time=35615.038..35615.039 rows=2 loops=1)
   Sort Key: (date_part('year'::text, (orders.o_orderdate)::timestamp without time zone))
   Sort Method: quicksort  Memory: 25kB
   Buffers: shared hit=949419 read=440293 written=17992
   ->  HashAggregate  (cost=2465945.25..2465957.97 rows=727 width=38) (actual time=35614.978..35614.979 rows=2 loops=1)
         Group Key: date_part('year'::text, (orders.o_orderdate)::timestamp without time zone)
         Buffers: shared hit=949416 read=440293 written=17992
         ->  Hash Join  (cost=555226.88..2465442.29 rows=25148 width=38) (actual time=11060.117..35569.404 rows=24823 loops=1)
               Hash Cond: (supplier.s_nationkey = n2.n_nationkey)
               Buffers: shared hit=949416 read=440293 written=17992
               ->  Hash Join  (cost=555225.31..2464969.20 rows=25148 width=16) (actual time=11060.049..35524.530 rows=24823 loops=1)
                     Hash Cond: (lineitem.l_suppkey = supplier.s_suppkey)
                     Buffers: shared hit=949412 read=440293 written=17992
                     ->  Hash Join  (cost=550796.31..2460194.41 rows=25148 width=16) (actual time=11005.574..35422.575 rows=24823 loops=1)
                           Hash Cond: (lineitem.l_orderkey = orders.o_orderkey)
                           Buffers: shared hit=947233 read=440293 written=17992
                           ->  Hash Join  (cost=28842.34..1936427.46 rows=416400 width=16) (actual time=230.876..24334.041 rows=403361 loops=1)
                                 Hash Cond: (lineitem.l_partkey = part.p_partkey)
                                 Buffers: shared hit=947226 read=137118 written=39
                                 ->  Seq Scan on lineitem  (cost=0.00..1676903.36 rows=60404736 width=20) (actual time=0.036..13029.827 rows=59984909 loops=1)
                                       Buffers: shared hit=946446 read=126410 written=6
                                 ->  Hash  (cost=28670.00..28670.00 rows=13787 width=4) (actual time=230.583..230.583 rows=13440 loops=1)
                                       Buckets: 16384  Batches: 1  Memory Usage: 601kB
                                       Buffers: shared hit=780 read=10708 written=33
                                       ->  Bitmap Heap Scan on part  (cost=427.28..28670.00 rows=13787 width=4) (actual time=7.305..224.344 rows=13440 loops=1)
                                             Recheck Cond: ((p_type)::text = 'ECONOMY POLISHED NICKEL'::text)
                                             Heap Blocks: exact=11404
                                             Buffers: shared hit=780 read=10708 written=33
                                             ->  Bitmap Index Scan on part_p_type_p_partkey_idx  (cost=0.00..423.83 rows=13787 width=0) (actual time=5.105..5.105 rows=13440 loops=1)
                                                   Index Cond: ((p_type)::text = 'ECONOMY POLISHED NICKEL'::text)
                                                   Buffers: shared read=84
                           ->  Hash  (cost=510550.91..510550.91 rows=912245 width=8) (actual time=10766.343..10766.343 rows=912887 loops=1)
                                 Buckets: 1048576  Batches: 1  Memory Usage: 43852kB
                                 Buffers: shared hit=7 read=303175 written=17953
                                 ->  Hash Join  (cost=160864.51..510550.91 rows=912245 width=8) (actual time=3315.567..10384.002 rows=912887 loops=1)
                                       Hash Cond: (orders.o_custkey = customer.c_custkey)
                                       Buffers: shared hit=7 read=303175 written=17953
                                       ->  Bitmap Heap Scan on orders  (cost=98208.98..421668.34 rows=4561224 width=12) (actual time=2230.803..6777.206 rows=4557068 loops=1)
                                             Recheck Cond: ((o_orderdate >= '1995-01-01'::date) AND (o_orderdate <= '1996-12-31'::date))
                                             Heap Blocks: exact=255041
                                             Buffers: shared hit=3 read=267899 written=17684
                                             ->  Bitmap Index Scan on orders_o_orderdate_o_orderkey_idx  (cost=0.00..97068.67 rows=4561224 width=0) (actual time=2116.864..2116.864 rows=4589006 loops=1)
                                                   Index Cond: ((o_orderdate >= '1995-01-01'::date) AND (o_orderdate <= '1996-12-31'::date))
                                                   Buffers: shared read=12861 written=32
                                       ->  Hash  (cost=58905.53..58905.53 rows=300000 width=4) (actual time=1080.950..1080.950 rows=300963 loops=1)
                                             Buckets: 524288  Batches: 1  Memory Usage: 14677kB
                                             Buffers: shared hit=4 read=35276 written=269
                                             ->  Hash Join  (cost=2.53..58905.53 rows=300000 width=4) (actual time=0.092..976.915 rows=300963 loops=1)
                                                   Hash Cond: (customer.c_nationkey = n1.n_nationkey)
                                                   Buffers: shared hit=4 read=35276 written=269
                                                   ->  Seq Scan on customer  (cost=0.00..50278.00 rows=1500000 width=8) (actual time=0.012..712.297 rows=1500000 loops=1)
                                                         Buffers: shared hit=2 read=35276 written=269
                                                   ->  Hash  (cost=2.47..2.47 rows=5 width=4) (actual time=0.057..0.057 rows=5 loops=1)
                                                         Buckets: 1024  Batches: 1  Memory Usage: 9kB
                                                         Buffers: shared hit=2
                                                         ->  Hash Join  (cost=1.07..2.47 rows=5 width=4) (actual time=0.046..0.052 rows=5 loops=1)
                                                               Hash Cond: (n1.n_regionkey = region.r_regionkey)
                                                               Buffers: shared hit=2
                                                               ->  Seq Scan on nation n1  (cost=0.00..1.25 rows=25 width=8) (actual time=0.004..0.005 rows=25 loops=1)
                                                                     Buffers: shared hit=1
                                                               ->  Hash  (cost=1.06..1.06 rows=1 width=4) (actual time=0.021..0.021 rows=1 loops=1)
                                                                     Buckets: 1024  Batches: 1  Memory Usage: 9kB
                                                                     Buffers: shared hit=1
                                                                     ->  Seq Scan on region  (cost=0.00..1.06 rows=1 width=4) (actual time=0.014..0.015 rows=1 loops=1)
                                                                           Filter: (r_name = 'EUROPE'::bpchar)
                                                                           Rows Removed by Filter: 4
                                                                           Buffers: shared hit=1
                     ->  Hash  (cost=3179.00..3179.00 rows=100000 width=8) (actual time=53.833..53.833 rows=100000 loops=1)
                           Buckets: 131072  Batches: 1  Memory Usage: 4931kB
                           Buffers: shared hit=2179
                           ->  Seq Scan on supplier  (cost=0.00..3179.00 rows=100000 width=8) (actual time=0.009..30.904 rows=100000 loops=1)
                                 Buffers: shared hit=2179
               ->  Hash  (cost=1.25..1.25 rows=25 width=30) (actual time=0.018..0.018 rows=25 loops=1)
                     Buckets: 1024  Batches: 1  Memory Usage: 10kB
                     Buffers: shared hit=1
                     ->  Seq Scan on nation n2  (cost=0.00..1.25 rows=25 width=30) (actual time=0.004..0.009 rows=25 loops=1)
                           Buffers: shared hit=1
 Planning time: 7.731 ms
 Execution time: 35618.764 ms
(79 rows)

COMMIT;
COMMIT
