BEGIN;
BEGIN
EXPLAIN (ANALYZE, BUFFERS)
select
	c_custkey,
	c_name,
	sum(l_extendedprice * (1 - l_discount)) as revenue,
	c_acctbal,
	n_name,
	c_address,
	c_phone,
	c_comment
from
	customer,
	orders,
	lineitem,
	nation
where
	c_custkey = o_custkey
	and l_orderkey = o_orderkey
	and o_orderdate >= date '1994-07-01'
	and o_orderdate < cast(date '1994-07-01' + interval '3 month' as date)
	and l_returnflag = 'R'
	and c_nationkey = n_nationkey
group by
	c_custkey,
	c_name,
	c_acctbal,
	c_phone,
	n_name,
	c_address,
	c_comment
order by
	revenue desc
LIMIT 20;
                                                                                                QUERY PLAN                                                                                                 
-----------------------------------------------------------------------------------------------------------------------------------------------------------------------------------------------------------
 Limit  (cost=1168336.98..1168337.03 rows=20 width=175) (actual time=22321.804..22321.810 rows=20 loops=1)
   Buffers: shared hit=1085718 read=372918 dirtied=117 written=841
   ->  Sort  (cost=1168336.98..1169779.60 rows=577051 width=175) (actual time=22321.801..22321.804 rows=20 loops=1)
         Sort Key: (sum((lineitem.l_extendedprice * (1::double precision - lineitem.l_discount))))
         Sort Method: top-N heapsort  Memory: 30kB
         Buffers: shared hit=1085718 read=372918 dirtied=117 written=841
         ->  HashAggregate  (cost=1147211.35..1152981.86 rows=577051 width=175) (actual time=21986.479..22184.136 rows=381136 loops=1)
               Group Key: customer.c_custkey, customer.c_name, customer.c_acctbal, customer.c_phone, nation.n_name, customer.c_address, customer.c_comment
               Buffers: shared hit=1085715 read=372918 dirtied=117 written=841
               ->  Hash Join  (cost=356466.78..1132785.07 rows=577051 width=175) (actual time=5333.375..20221.762 rows=1146078 loops=1)
                     Hash Cond: (customer.c_nationkey = nation.n_nationkey)
                     Buffers: shared hit=1085715 read=372918 dirtied=117 written=841
                     ->  Hash Join  (cost=356465.22..1124849.06 rows=577051 width=153) (actual time=5333.335..19846.846 rows=1146078 loops=1)
                           Hash Cond: (orders.o_custkey = customer.c_custkey)
                           Buffers: shared hit=1085714 read=372918 dirtied=117 written=841
                           ->  Hash Join  (cost=287437.22..1047165.29 rows=577051 width=12) (actual time=3586.136..17411.665 rows=1146078 loops=1)
                                 Hash Cond: (lineitem.l_orderkey = orders.o_orderkey)
                                 Buffers: shared hit=1085713 read=337641 dirtied=117 written=697
                                 ->  Index Scan using lineitem_l_orderkey_idx_l_returnflag on lineitem  (cost=0.43..697423.96 rows=15075744 width=12) (actual time=0.080..10562.569 rows=14808143 loops=1)
                                       Buffers: shared hit=1063688 read=124906 dirtied=117 written=222
                                 ->  Hash  (cost=280109.19..280109.19 rows=586208 width=8) (actual time=3582.240..3582.240 rows=573389 loops=1)
                                       Buckets: 1048576  Batches: 1  Memory Usage: 30591kB
                                       Buffers: shared hit=22025 read=212735 written=475
                                       ->  Bitmap Heap Scan on orders  (cost=12729.07..280109.19 rows=586208 width=8) (actual time=274.656..3369.588 rows=573389 loops=1)
                                             Recheck Cond: ((o_orderdate >= '1994-07-01'::date) AND (o_orderdate < '1994-10-01'::date))
                                             Heap Blocks: exact=233086
                                             Buffers: shared hit=22025 read=212735 written=475
                                             ->  Bitmap Index Scan on orders_o_orderdate_o_orderkey_idx  (cost=0.00..12582.51 rows=586208 width=0) (actual time=196.751..196.751 rows=585369 loops=1)
                                                   Index Cond: ((o_orderdate >= '1994-07-01'::date) AND (o_orderdate < '1994-10-01'::date))
                                                   Buffers: shared read=1674 written=12
                           ->  Hash  (cost=50278.00..50278.00 rows=1500000 width=145) (actual time=1736.079..1736.079 rows=1500000 loops=1)
                                 Buckets: 2097152  Batches: 1  Memory Usage: 281501kB
                                 Buffers: shared hit=1 read=35277 written=144
                                 ->  Seq Scan on customer  (cost=0.00..50278.00 rows=1500000 width=145) (actual time=0.011..909.403 rows=1500000 loops=1)
                                       Buffers: shared hit=1 read=35277 written=144
                     ->  Hash  (cost=1.25..1.25 rows=25 width=30) (actual time=0.024..0.024 rows=25 loops=1)
                           Buckets: 1024  Batches: 1  Memory Usage: 10kB
                           Buffers: shared hit=1
                           ->  Seq Scan on nation  (cost=0.00..1.25 rows=25 width=30) (actual time=0.008..0.013 rows=25 loops=1)
                                 Buffers: shared hit=1
 Planning time: 5.284 ms
 Execution time: 22336.487 ms
(42 rows)

COMMIT;
COMMIT
