BEGIN;
BEGIN
EXPLAIN (ANALYZE, BUFFERS)
select
	s_name,
	count(*) as numwait
from
	supplier,
	lineitem l1,
	orders,
	nation
where
	s_suppkey = l1.l_suppkey
	and o_orderkey = l1.l_orderkey
	and o_orderstatus = 'F'
	and l1.l_receiptdate > l1.l_commitdate
	and exists (
		select
			*
		from
			lineitem l2
		where
			l2.l_orderkey = l1.l_orderkey
			and l2.l_suppkey <> l1.l_suppkey
	)
	and not exists (
		select
			*
		from
			lineitem l3
		where
			l3.l_orderkey = l1.l_orderkey
			and l3.l_suppkey <> l1.l_suppkey
			and l3.l_receiptdate > l3.l_commitdate
	)
	and s_nationkey = n_nationkey
	and n_name = 'ETHIOPIA'
group by
	s_name
order by
	numwait desc,
	s_name
LIMIT 100;
                                                                                                    QUERY PLAN                                                                                                    
------------------------------------------------------------------------------------------------------------------------------------------------------------------------------------------------------------------
 Limit  (cost=5506308.26..5506308.26 rows=1 width=26) (actual time=79848.961..79848.979 rows=100 loops=1)
   Buffers: shared hit=3544578 read=861407 dirtied=1551 written=7186
   ->  Sort  (cost=5506308.26..5506308.26 rows=1 width=26) (actual time=79848.956..79848.962 rows=100 loops=1)
         Sort Key: (count(*)), supplier.s_name
         Sort Method: top-N heapsort  Memory: 32kB
         Buffers: shared hit=3544578 read=861407 dirtied=1551 written=7186
         ->  HashAggregate  (cost=5506308.24..5506308.25 rows=1 width=26) (actual time=79845.730..79847.765 rows=3945 loops=1)
               Group Key: supplier.s_name
               Buffers: shared hit=3544570 read=861407 dirtied=1551 written=7186
               ->  Merge Semi Join  (cost=1623185.61..5506308.23 rows=1 width=26) (actual time=36374.212..79757.379 rows=38968 loops=1)
                     Merge Cond: (orders.o_orderkey = l2.l_orderkey)
                     Join Filter: (l2.l_suppkey <> l1.l_suppkey)
                     Rows Removed by Join Filter: 41164
                     Buffers: shared hit=3544570 read=861407 dirtied=1551 written=7186
                     ->  Merge Anti Join  (cost=1623172.14..2649184.66 rows=397936 width=38) (actual time=36371.711..58671.217 rows=65133 loops=1)
                           Merge Cond: (l1.l_orderkey = l3.l_orderkey)
                           Join Filter: (l3.l_suppkey <> l1.l_suppkey)
                           Rows Removed by Join Filter: 263516
                           Buffers: shared hit=2235734 read=688981 dirtied=152 written=6071
                           ->  Sort  (cost=1623171.58..1624166.42 rows=397936 width=38) (actual time=36371.395..36535.445 rows=723580 loops=1)
                                 Sort Key: l1.l_orderkey
                                 Sort Method: quicksort  Memory: 81106kB
                                 Buffers: shared hit=1115870 read=473662 written=4796
                                 ->  Hash Join  (cost=546075.98..1586159.20 rows=397936 width=38) (actual time=8615.154..36021.637 rows=723580 loops=1)
                                       Hash Cond: (l1.l_orderkey = orders.o_orderkey)
                                       Buffers: shared hit=1115867 read=473662 written=4796
                                       ->  Hash Join  (cost=3645.89..1030580.98 rows=815002 width=34) (actual time=47.083..26050.467 rows=1496551 loops=1)
                                             Hash Cond: (l1.l_suppkey = supplier.s_suppkey)
                                             Buffers: shared hit=1105046 read=226403 written=4727
                                             ->  Index Scan using lineitem_l_orderkey_idx_part1 on lineitem l1  (cost=0.56..942379.15 rows=20375062 width=8) (actual time=0.113..18259.931 rows=37965784 loops=1)
                                                   Buffers: shared hit=1102863 read=226403 written=4727
                                             ->  Hash  (cost=3595.32..3595.32 rows=4000 width=30) (actual time=46.919..46.919 rows=3945 loops=1)
                                                   Buckets: 4096  Batches: 1  Memory Usage: 279kB
                                                   Buffers: shared hit=2180
                                                   ->  Hash Join  (cost=1.32..3595.32 rows=4000 width=30) (actual time=0.045..45.694 rows=3945 loops=1)
                                                         Hash Cond: (supplier.s_nationkey = nation.n_nationkey)
                                                         Buffers: shared hit=2180
                                                         ->  Seq Scan on supplier  (cost=0.00..3179.00 rows=100000 width=34) (actual time=0.010..30.183 rows=100000 loops=1)
                                                               Buffers: shared hit=2179
                                                         ->  Hash  (cost=1.31..1.31 rows=1 width=4) (actual time=0.017..0.017 rows=1 loops=1)
                                                               Buckets: 1024  Batches: 1  Memory Usage: 9kB
                                                               Buffers: shared hit=1
                                                               ->  Seq Scan on nation  (cost=0.00..1.31 rows=1 width=4) (actual time=0.010..0.013 rows=1 loops=1)
                                                                     Filter: (n_name = 'ETHIOPIA'::bpchar)
                                                                     Rows Removed by Filter: 24
                                                                     Buffers: shared hit=1
                                       ->  Hash  (cost=449141.68..449141.68 rows=7463073 width=4) (actual time=8528.594..8528.594 rows=7316795 loops=1)
                                             Buckets: 8388608  Batches: 1  Memory Usage: 322768kB
                                             Buffers: shared hit=10821 read=247259 written=69
                                             ->  Seq Scan on orders  (cost=0.00..449141.68 rows=7463073 width=4) (actual time=0.028..6425.755 rows=7316795 loops=1)
                                                   Filter: (o_orderstatus = 'F'::bpchar)
                                                   Rows Removed by Filter: 7698205
                                                   Buffers: shared hit=10821 read=247259 written=69
                           ->  Index Scan using lineitem_l_orderkey_idx_part1 on lineitem l3  (cost=0.56..942379.15 rows=20375062 width=8) (actual time=0.118..17799.038 rows=37983366 loops=1)
                                 Buffers: shared hit=1119864 read=215319 dirtied=152 written=1275
                     ->  Index Scan using lineitem_l_orderkey_idx on lineitem l2  (cost=0.56..2683433.35 rows=61125186 width=8) (actual time=0.082..14991.834 rows=60043421 loops=1)
                           Buffers: shared hit=1308836 read=172426 dirtied=1399 written=1115
 Planning time: 10.635 ms
 Execution time: 79878.835 ms
(59 rows)

COMMIT;
COMMIT
