BEGIN;
BEGIN
EXPLAIN (ANALYZE, BUFFERS)
select
	c_custkey,
	c_name,
	sum(l_extendedprice * (1 - l_discount)) as revenue,
	c_acctbal,
	n_name,
	c_address,
	c_phone,
	c_comment
from
	customer,
	orders,
	lineitem,
	nation
where
	c_custkey = o_custkey
	and l_orderkey = o_orderkey
	and o_orderdate >= date '1994-05-01'
	and o_orderdate < cast(date '1994-05-01' + interval '3 month' as date)
	and l_returnflag = 'R'
	and c_nationkey = n_nationkey
group by
	c_custkey,
	c_name,
	c_acctbal,
	c_phone,
	n_name,
	c_address,
	c_comment
order by
	revenue desc
LIMIT 20;
                                                                                                QUERY PLAN                                                                                                 
-----------------------------------------------------------------------------------------------------------------------------------------------------------------------------------------------------------
 Limit  (cost=1169054.99..1169055.04 rows=20 width=175) (actual time=25636.064..25636.071 rows=20 loops=1)
   Buffers: shared hit=1084178 read=384298 dirtied=353 written=3860
   ->  Sort  (cost=1169054.99..1170542.52 rows=595013 width=175) (actual time=25636.060..25636.064 rows=20 loops=1)
         Sort Key: (sum((lineitem.l_extendedprice * (1::double precision - lineitem.l_discount))))
         Sort Method: top-N heapsort  Memory: 30kB
         Buffers: shared hit=1084178 read=384298 dirtied=353 written=3860
         ->  HashAggregate  (cost=1147271.78..1153221.91 rows=595013 width=175) (actual time=25212.527..25492.202 rows=381701 loops=1)
               Group Key: customer.c_custkey, customer.c_name, customer.c_acctbal, customer.c_phone, nation.n_name, customer.c_address, customer.c_comment
               Buffers: shared hit=1084175 read=384298 dirtied=353 written=3860
               ->  Hash Join  (cost=356860.61..1132396.45 rows=595013 width=175) (actual time=5918.782..23186.452 rows=1149692 loops=1)
                     Hash Cond: (customer.c_nationkey = nation.n_nationkey)
                     Buffers: shared hit=1084175 read=384298 dirtied=353 written=3860
                     ->  Hash Join  (cost=356859.05..1124213.46 rows=595013 width=153) (actual time=5918.745..22804.456 rows=1149692 loops=1)
                           Hash Cond: (orders.o_custkey = customer.c_custkey)
                           Buffers: shared hit=1084174 read=384298 dirtied=353 written=3860
                           ->  Hash Join  (cost=287831.05..1046260.27 rows=595013 width=12) (actual time=4039.205..19981.110 rows=1149692 loops=1)
                                 Hash Cond: (lineitem.l_orderkey = orders.o_orderkey)
                                 Buffers: shared hit=1084172 read=349022 dirtied=353 written=3860
                                 ->  Index Scan using lineitem_l_orderkey_idx_l_returnflag on lineitem  (cost=0.43..696056.39 rows=15046169 width=12) (actual time=0.068..11654.432 rows=14822282 loops=1)
                                       Buffers: shared hit=1075877 read=123255 dirtied=353 written=3860
                                 ->  Hash  (cost=280274.92..280274.92 rows=604455 width=8) (actual time=4033.407..4033.407 rows=574442 loops=1)
                                       Buckets: 1048576  Batches: 1  Memory Usage: 30632kB
                                       Buffers: shared hit=8295 read=225767
                                       ->  Bitmap Heap Scan on orders  (cost=13128.10..280274.92 rows=604455 width=8) (actual time=334.699..3788.255 rows=574442 loops=1)
                                             Recheck Cond: ((o_orderdate >= '1994-05-01'::date) AND (o_orderdate < '1994-08-01'::date))
                                             Heap Blocks: exact=232389
                                             Buffers: shared hit=8295 read=225767
                                             ->  Bitmap Index Scan on orders_o_orderdate_o_orderkey_idx  (cost=0.00..12976.98 rows=604455 width=0) (actual time=235.792..235.792 rows=584868 loops=1)
                                                   Index Cond: ((o_orderdate >= '1994-05-01'::date) AND (o_orderdate < '1994-08-01'::date))
                                                   Buffers: shared read=1673
                           ->  Hash  (cost=50278.00..50278.00 rows=1500000 width=145) (actual time=1867.638..1867.638 rows=1500000 loops=1)
                                 Buckets: 2097152  Batches: 1  Memory Usage: 281501kB
                                 Buffers: shared hit=2 read=35276
                                 ->  Seq Scan on customer  (cost=0.00..50278.00 rows=1500000 width=145) (actual time=0.010..963.139 rows=1500000 loops=1)
                                       Buffers: shared hit=2 read=35276
                     ->  Hash  (cost=1.25..1.25 rows=25 width=30) (actual time=0.022..0.022 rows=25 loops=1)
                           Buckets: 1024  Batches: 1  Memory Usage: 10kB
                           Buffers: shared hit=1
                           ->  Seq Scan on nation  (cost=0.00..1.25 rows=25 width=30) (actual time=0.008..0.010 rows=25 loops=1)
                                 Buffers: shared hit=1
 Planning time: 5.869 ms
 Execution time: 25652.531 ms
(42 rows)

COMMIT;
COMMIT
