BEGIN;
BEGIN
EXPLAIN (ANALYZE, BUFFERS)
select
	c_custkey,
	c_name,
	sum(l_extendedprice * (1 - l_discount)) as revenue,
	c_acctbal,
	n_name,
	c_address,
	c_phone,
	c_comment
from
	customer,
	orders,
	lineitem,
	nation
where
	c_custkey = o_custkey
	and l_orderkey = o_orderkey
	and o_orderdate >= date '1993-02-01'
	and o_orderdate < cast(date '1993-02-01' + interval '3 month' as date)
	and l_returnflag = 'R'
	and c_nationkey = n_nationkey
group by
	c_custkey,
	c_name,
	c_acctbal,
	c_phone,
	n_name,
	c_address,
	c_comment
order by
	revenue desc
LIMIT 20;
                                                                                                QUERY PLAN                                                                                                 
-----------------------------------------------------------------------------------------------------------------------------------------------------------------------------------------------------------
 Limit  (cost=1148230.09..1148230.14 rows=20 width=175) (actual time=26402.117..26402.124 rows=20 loops=1)
   Buffers: shared hit=939842 read=481769 dirtied=227 written=858
   ->  Sort  (cost=1148230.09..1149607.08 rows=550797 width=175) (actual time=26402.113..26402.116 rows=20 loops=1)
         Sort Key: (sum((lineitem.l_extendedprice * (1::double precision - lineitem.l_discount))))
         Sort Method: top-N heapsort  Memory: 30kB
         Buffers: shared hit=939842 read=481769 dirtied=227 written=858
         ->  HashAggregate  (cost=1128065.60..1133573.57 rows=550797 width=175) (actual time=25844.297..26236.924 rows=373025 loops=1)
               Group Key: customer.c_custkey, customer.c_name, customer.c_acctbal, customer.c_phone, nation.n_name, customer.c_address, customer.c_comment
               Buffers: shared hit=939839 read=481769 dirtied=227 written=858
               ->  Hash Join  (cost=350810.88..1114295.68 rows=550797 width=175) (actual time=5261.618..23703.437 rows=1114235 loops=1)
                     Hash Cond: (customer.c_nationkey = nation.n_nationkey)
                     Buffers: shared hit=939839 read=481769 dirtied=227 written=858
                     ->  Hash Join  (cost=350809.32..1106720.66 rows=550797 width=153) (actual time=5261.578..23319.363 rows=1114235 loops=1)
                           Hash Cond: (orders.o_custkey = customer.c_custkey)
                           Buffers: shared hit=939838 read=481769 dirtied=227 written=858
                           ->  Hash Join  (cost=281781.32..1029430.70 rows=550797 width=12) (actual time=3466.733..20463.595 rows=1114235 loops=1)
                                 Hash Cond: (lineitem.l_orderkey = orders.o_orderkey)
                                 Buffers: shared hit=939836 read=446493 dirtied=227 written=855
                                 ->  Index Scan using lineitem_l_orderkey_idx_l_returnflag on lineitem  (cost=0.43..686493.72 rows=14839502 width=12) (actual time=0.050..12141.848 rows=14823489 loops=1)
                                       Buffers: shared hit=913862 read=243550 written=52
                                 ->  Hash  (cost=274786.69..274786.69 rows=559535 width=8) (actual time=3457.565..3457.565 rows=555787 loops=1)
                                       Buckets: 1048576  Batches: 1  Memory Usage: 29903kB
                                       Buffers: shared hit=25974 read=202943 dirtied=227 written=803
                                       ->  Bitmap Heap Scan on orders  (cost=11859.67..274786.69 rows=559535 width=8) (actual time=292.322..3240.061 rows=555787 loops=1)
                                             Recheck Cond: ((o_orderdate >= '1993-02-01'::date) AND (o_orderdate < '1993-05-01'::date))
                                             Heap Blocks: exact=227391
                                             Buffers: shared hit=25974 read=202943 dirtied=227 written=803
                                             ->  Bitmap Index Scan on orders_o_orderdate_o_orderkey_idx  (cost=0.00..11719.78 rows=559535 width=0) (actual time=211.179..211.179 rows=557894 loops=1)
                                                   Index Cond: ((o_orderdate >= '1993-02-01'::date) AND (o_orderdate < '1993-05-01'::date))
                                                   Buffers: shared hit=79 read=1447
                           ->  Hash  (cost=50278.00..50278.00 rows=1500000 width=145) (actual time=1781.096..1781.096 rows=1500000 loops=1)
                                 Buckets: 2097152  Batches: 1  Memory Usage: 281501kB
                                 Buffers: shared hit=2 read=35276 written=3
                                 ->  Seq Scan on customer  (cost=0.00..50278.00 rows=1500000 width=145) (actual time=0.008..883.843 rows=1500000 loops=1)
                                       Buffers: shared hit=2 read=35276 written=3
                     ->  Hash  (cost=1.25..1.25 rows=25 width=30) (actual time=0.024..0.024 rows=25 loops=1)
                           Buckets: 1024  Batches: 1  Memory Usage: 10kB
                           Buffers: shared hit=1
                           ->  Seq Scan on nation  (cost=0.00..1.25 rows=25 width=30) (actual time=0.007..0.010 rows=25 loops=1)
                                 Buffers: shared hit=1
 Planning time: 4.802 ms
 Execution time: 26488.093 ms
(42 rows)

COMMIT;
COMMIT
