BEGIN;
BEGIN
EXPLAIN (ANALYZE, BUFFERS)
select
	s_name,
	count(*) as numwait
from
	supplier,
	lineitem l1,
	orders,
	nation
where
	s_suppkey = l1.l_suppkey
	and o_orderkey = l1.l_orderkey
	and o_orderstatus = 'F'
	and l1.l_receiptdate > l1.l_commitdate
	and exists (
		select
			*
		from
			lineitem l2
		where
			l2.l_orderkey = l1.l_orderkey
			and l2.l_suppkey <> l1.l_suppkey
	)
	and not exists (
		select
			*
		from
			lineitem l3
		where
			l3.l_orderkey = l1.l_orderkey
			and l3.l_suppkey <> l1.l_suppkey
			and l3.l_receiptdate > l3.l_commitdate
	)
	and s_nationkey = n_nationkey
	and n_name = 'INDIA'
group by
	s_name
order by
	numwait desc,
	s_name
LIMIT 100;
                                                                                                    QUERY PLAN                                                                                                    
------------------------------------------------------------------------------------------------------------------------------------------------------------------------------------------------------------------
 Limit  (cost=5428542.54..5428542.54 rows=1 width=26) (actual time=77711.249..77711.269 rows=100 loops=1)
   Buffers: shared hit=3189770 read=1071847 dirtied=1399 written=13716
   ->  Sort  (cost=5428542.54..5428542.54 rows=1 width=26) (actual time=77711.246..77711.252 rows=100 loops=1)
         Sort Key: (count(*)), supplier.s_name
         Sort Method: top-N heapsort  Memory: 32kB
         Buffers: shared hit=3189770 read=1071847 dirtied=1399 written=13716
         ->  HashAggregate  (cost=5428542.52..5428542.53 rows=1 width=26) (actual time=77708.974..77710.083 rows=4079 loops=1)
               Group Key: supplier.s_name
               Buffers: shared hit=3189762 read=1071847 dirtied=1399 written=13716
               ->  Merge Semi Join  (cost=1602484.79..5428542.51 rows=1 width=26) (actual time=36577.348..77631.830 rows=40477 loops=1)
                     Merge Cond: (orders.o_orderkey = l2.l_orderkey)
                     Join Filter: (l2.l_suppkey <> l1.l_suppkey)
                     Rows Removed by Join Filter: 43129
                     Buffers: shared hit=3189762 read=1071847 dirtied=1399 written=13716
                     ->  Merge Anti Join  (cost=1602471.33..2615005.65 rows=392858 width=38) (actual time=36576.718..58139.591 rows=67971 loops=1)
                           Merge Cond: (l1.l_orderkey = l3.l_orderkey)
                           Join Filter: (l3.l_suppkey <> l1.l_suppkey)
                           Rows Removed by Join Filter: 271942
                           Buffers: shared hit=1935916 read=905867 dirtied=939 written=13478
                           ->  Sort  (cost=1602470.76..1603452.91 rows=392858 width=38) (actual time=36575.844..36751.742 rows=748937 loops=1)
                                 Sort Key: l1.l_orderkey
                                 Sort Method: quicksort  Memory: 83087kB
                                 Buffers: shared hit=933749 read=612639 dirtied=253 written=13121
                                 ->  Hash Join  (cost=539154.78..1565967.09 rows=392858 width=38) (actual time=8528.473..36215.933 rows=748937 loops=1)
                                       Hash Cond: (l1.l_orderkey = orders.o_orderkey)
                                       Buffers: shared hit=933746 read=612639 dirtied=253 written=13121
                                       ->  Hash Join  (cost=3645.89..1017477.85 rows=804602 width=34) (actual time=46.642..26432.272 rows=1550609 loops=1)
                                             Hash Cond: (l1.l_suppkey = supplier.s_suppkey)
                                             Buffers: shared hit=884882 read=406716 written=13113
                                             ->  Index Scan using lineitem_l_orderkey_idx_part1 on lineitem l1  (cost=0.56..930355.04 rows=20115056 width=8) (actual time=0.135..19204.213 rows=37966560 loops=1)
                                                   Buffers: shared hit=882699 read=406716 written=13113
                                             ->  Hash  (cost=3595.32..3595.32 rows=4000 width=30) (actual time=46.451..46.451 rows=4079 loops=1)
                                                   Buckets: 4096  Batches: 1  Memory Usage: 287kB
                                                   Buffers: shared hit=2180
                                                   ->  Hash Join  (cost=1.32..3595.32 rows=4000 width=30) (actual time=0.037..45.202 rows=4079 loops=1)
                                                         Hash Cond: (supplier.s_nationkey = nation.n_nationkey)
                                                         Buffers: shared hit=2180
                                                         ->  Seq Scan on supplier  (cost=0.00..3179.00 rows=100000 width=34) (actual time=0.009..29.850 rows=100000 loops=1)
                                                               Buffers: shared hit=2179
                                                         ->  Hash  (cost=1.31..1.31 rows=1 width=4) (actual time=0.015..0.015 rows=1 loops=1)
                                                               Buckets: 1024  Batches: 1  Memory Usage: 9kB
                                                               Buffers: shared hit=1
                                                               ->  Seq Scan on nation  (cost=0.00..1.31 rows=1 width=4) (actual time=0.009..0.012 rows=1 loops=1)
                                                                     Filter: (n_name = 'INDIA'::bpchar)
                                                                     Rows Removed by Filter: 24
                                                                     Buffers: shared hit=1
                                       ->  Hash  (cost=443410.80..443410.80 rows=7367847 width=4) (actual time=8455.299..8455.299 rows=7316737 loops=1)
                                             Buckets: 8388608  Batches: 1  Memory Usage: 322766kB
                                             Buffers: shared hit=48864 read=205923 dirtied=253 written=8
                                             ->  Seq Scan on orders  (cost=0.00..443410.80 rows=7367847 width=4) (actual time=0.023..5802.073 rows=7316737 loops=1)
                                                   Filter: (o_orderstatus = 'F'::bpchar)
                                                   Rows Removed by Filter: 7698263
                                                   Buffers: shared hit=48864 read=205923 dirtied=253 written=8
                           ->  Index Scan using lineitem_l_orderkey_idx_part1 on lineitem l3  (cost=0.56..930355.04 rows=20115056 width=8) (actual time=0.110..17017.503 rows=37985221 loops=1)
                                 Buffers: shared hit=1002167 read=293228 dirtied=686 written=357
                     ->  Index Scan using lineitem_l_orderkey_idx on lineitem l2  (cost=0.56..2642063.08 rows=60345168 width=8) (actual time=0.067..13712.401 rows=60044239 loops=1)
                           Buffers: shared hit=1253846 read=165980 dirtied=460 written=238
 Planning time: 10.625 ms
 Execution time: 77743.685 ms
(59 rows)

COMMIT;
COMMIT
