BEGIN;
BEGIN
EXPLAIN (ANALYZE, BUFFERS)
select
	o_year,
	sum(case
		when nation = 'UNITED KINGDOM' then volume
		else 0
	end) / sum(volume) as mkt_share
from
	(
		select
			extract(year from o_orderdate) as o_year,
			l_extendedprice * (1 - l_discount) as volume,
			n2.n_name as nation
		from
			part,
			supplier,
			lineitem,
			orders,
			customer,
			nation n1,
			nation n2,
			region
		where
			p_partkey = l_partkey
			and s_suppkey = l_suppkey
			and l_orderkey = o_orderkey
			and o_custkey = c_custkey
			and c_nationkey = n1.n_nationkey
			and n1.n_regionkey = r_regionkey
			and r_name = 'EUROPE'
			and s_nationkey = n2.n_nationkey
			and o_orderdate between date '1995-01-01' and date '1996-12-31'
			and p_type = 'LARGE PLATED BRASS'
	) as all_nations
group by
	o_year
order by
	o_year;
                                                                                                QUERY PLAN                                                                                                
----------------------------------------------------------------------------------------------------------------------------------------------------------------------------------------------------------
 Sort  (cost=2456799.13..2456800.95 rows=727 width=38) (actual time=31444.120..31444.120 rows=2 loops=1)
   Sort Key: (date_part('year'::text, (orders.o_orderdate)::timestamp without time zone))
   Sort Method: quicksort  Memory: 25kB
   Buffers: shared hit=996337 read=389020 dirtied=253 written=164
   ->  HashAggregate  (cost=2456751.85..2456764.57 rows=727 width=38) (actual time=31444.061..31444.062 rows=2 loops=1)
         Group Key: date_part('year'::text, (orders.o_orderdate)::timestamp without time zone)
         Buffers: shared hit=996334 read=389020 dirtied=253 written=164
         ->  Hash Join  (cost=551873.05..2456261.29 rows=24528 width=38) (actual time=8566.646..31404.025 rows=24167 loops=1)
               Hash Cond: (supplier.s_nationkey = n2.n_nationkey)
               Buffers: shared hit=996334 read=389020 dirtied=253 written=164
               ->  Hash Join  (cost=551871.49..2455799.83 rows=24528 width=16) (actual time=8566.586..31365.295 rows=24167 loops=1)
                     Hash Cond: (lineitem.l_suppkey = supplier.s_suppkey)
                     Buffers: shared hit=996330 read=389020 dirtied=253 written=164
                     ->  Hash Join  (cost=547442.49..2451033.57 rows=24528 width=16) (actual time=8505.834..31280.418 rows=24167 loops=1)
                           Hash Cond: (lineitem.l_orderkey = orders.o_orderkey)
                           Buffers: shared hit=994151 read=389020 dirtied=253 written=164
                           ->  Hash Join  (cost=28475.86..1930298.68 rows=406128 width=16) (actual time=82.388..22616.054 rows=401840 loops=1)
                                 Hash Cond: (lineitem.l_partkey = part.p_partkey)
                                 Buffers: shared hit=909669 read=171485
                                 ->  Seq Scan on lineitem  (cost=0.00..1671917.30 rows=60225130 width=20) (actual time=0.016..12691.006 rows=60045303 loops=1)
                                       Buffers: shared hit=898316 read=171350
                                 ->  Hash  (cost=28307.28..28307.28 rows=13487 width=4) (actual time=82.184..82.184 rows=13404 loops=1)
                                       Buckets: 16384  Batches: 1  Memory Usage: 600kB
                                       Buffers: shared hit=11353 read=135
                                       ->  Bitmap Heap Scan on part  (cost=416.95..28307.28 rows=13487 width=4) (actual time=6.380..78.371 rows=13404 loops=1)
                                             Recheck Cond: ((p_type)::text = 'LARGE PLATED BRASS'::text)
                                             Heap Blocks: exact=11418
                                             Buffers: shared hit=11353 read=135
                                             ->  Bitmap Index Scan on part_p_type_p_partkey_idx  (cost=0.00..413.58 rows=13487 width=0) (actual time=4.184..4.184 rows=13404 loops=1)
                                                   Index Cond: ((p_type)::text = 'LARGE PLATED BRASS'::text)
                                                   Buffers: shared read=70
                           ->  Hash  (cost=507597.55..507597.55 rows=909526 width=8) (actual time=8415.441..8415.441 rows=913859 loops=1)
                                 Buckets: 1048576  Batches: 1  Memory Usage: 43890kB
                                 Buffers: shared hit=84482 read=217535 dirtied=253 written=164
                                 ->  Hash Join  (cost=158953.19..507597.55 rows=909526 width=8) (actual time=2941.471..8080.822 rows=913859 loops=1)
                                       Hash Cond: (orders.o_custkey = customer.c_custkey)
                                       Buffers: shared hit=84482 read=217535 dirtied=253 written=164
                                       ->  Bitmap Heap Scan on orders  (cost=96297.66..418793.14 rows=4547632 width=12) (actual time=1980.875..5500.775 rows=4561773 loops=1)
                                             Recheck Cond: ((o_orderdate >= '1995-01-01'::date) AND (o_orderdate <= '1996-12-31'::date))
                                             Heap Blocks: exact=254281
                                             Buffers: shared hit=84478 read=182259 dirtied=253 written=136
                                             ->  Bitmap Index Scan on orders_o_orderdate_o_orderkey_idx  (cost=0.00..95160.76 rows=4547632 width=0) (actual time=1876.246..1876.246 rows=4575464 loops=1)
                                                   Index Cond: ((o_orderdate >= '1995-01-01'::date) AND (o_orderdate <= '1996-12-31'::date))
                                                   Buffers: shared hit=117 read=12339 written=94
                                       ->  Hash  (cost=58905.53..58905.53 rows=300000 width=4) (actual time=957.214..957.214 rows=300963 loops=1)
                                             Buckets: 524288  Batches: 1  Memory Usage: 14677kB
                                             Buffers: shared hit=4 read=35276 written=28
                                             ->  Hash Join  (cost=2.53..58905.53 rows=300000 width=4) (actual time=0.082..864.265 rows=300963 loops=1)
                                                   Hash Cond: (customer.c_nationkey = n1.n_nationkey)
                                                   Buffers: shared hit=4 read=35276 written=28
                                                   ->  Seq Scan on customer  (cost=0.00..50278.00 rows=1500000 width=8) (actual time=0.011..596.401 rows=1500000 loops=1)
                                                         Buffers: shared hit=2 read=35276 written=28
                                                   ->  Hash  (cost=2.47..2.47 rows=5 width=4) (actual time=0.052..0.052 rows=5 loops=1)
                                                         Buckets: 1024  Batches: 1  Memory Usage: 9kB
                                                         Buffers: shared hit=2
                                                         ->  Hash Join  (cost=1.07..2.47 rows=5 width=4) (actual time=0.042..0.047 rows=5 loops=1)
                                                               Hash Cond: (n1.n_regionkey = region.r_regionkey)
                                                               Buffers: shared hit=2
                                                               ->  Seq Scan on nation n1  (cost=0.00..1.25 rows=25 width=8) (actual time=0.004..0.005 rows=25 loops=1)
                                                                     Buffers: shared hit=1
                                                               ->  Hash  (cost=1.06..1.06 rows=1 width=4) (actual time=0.022..0.022 rows=1 loops=1)
                                                                     Buckets: 1024  Batches: 1  Memory Usage: 9kB
                                                                     Buffers: shared hit=1
                                                                     ->  Seq Scan on region  (cost=0.00..1.06 rows=1 width=4) (actual time=0.017..0.018 rows=1 loops=1)
                                                                           Filter: (r_name = 'EUROPE'::bpchar)
                                                                           Rows Removed by Filter: 4
                                                                           Buffers: shared hit=1
                     ->  Hash  (cost=3179.00..3179.00 rows=100000 width=8) (actual time=60.014..60.014 rows=100000 loops=1)
                           Buckets: 131072  Batches: 1  Memory Usage: 4931kB
                           Buffers: shared hit=2179
                           ->  Seq Scan on supplier  (cost=0.00..3179.00 rows=100000 width=8) (actual time=0.011..35.898 rows=100000 loops=1)
                                 Buffers: shared hit=2179
               ->  Hash  (cost=1.25..1.25 rows=25 width=30) (actual time=0.018..0.018 rows=25 loops=1)
                     Buckets: 1024  Batches: 1  Memory Usage: 10kB
                     Buffers: shared hit=1
                     ->  Seq Scan on nation n2  (cost=0.00..1.25 rows=25 width=30) (actual time=0.005..0.008 rows=25 loops=1)
                           Buffers: shared hit=1
 Planning time: 7.335 ms
 Execution time: 31448.535 ms
(79 rows)

COMMIT;
COMMIT
