BEGIN;
BEGIN
EXPLAIN (ANALYZE, BUFFERS)
select
	c_custkey,
	c_name,
	sum(l_extendedprice * (1 - l_discount)) as revenue,
	c_acctbal,
	n_name,
	c_address,
	c_phone,
	c_comment
from
	customer,
	orders,
	lineitem,
	nation
where
	c_custkey = o_custkey
	and l_orderkey = o_orderkey
	and o_orderdate >= date '1994-03-01'
	and o_orderdate < cast(date '1994-03-01' + interval '3 month' as date)
	and l_returnflag = 'R'
	and c_nationkey = n_nationkey
group by
	c_custkey,
	c_name,
	c_acctbal,
	c_phone,
	n_name,
	c_address,
	c_comment
order by
	revenue desc
LIMIT 20;
                                                                                                QUERY PLAN                                                                                                
----------------------------------------------------------------------------------------------------------------------------------------------------------------------------------------------------------
 Limit  (cost=1146939.35..1146939.40 rows=20 width=175) (actual time=25811.980..25811.988 rows=20 loops=1)
   Buffers: shared hit=1183235 read=226102 dirtied=114 written=2195
   ->  Sort  (cost=1146939.35..1148360.81 rows=568584 width=175) (actual time=25811.978..25811.984 rows=20 loops=1)
         Sort Key: (sum((lineitem.l_extendedprice * (1::double precision - lineitem.l_discount))))
         Sort Method: top-N heapsort  Memory: 30kB
         Buffers: shared hit=1183235 read=226102 dirtied=114 written=2195
         ->  HashAggregate  (cost=1126123.69..1131809.53 rows=568584 width=175) (actual time=25404.126..25673.384 rows=381126 loops=1)
               Group Key: customer.c_custkey, customer.c_name, customer.c_acctbal, customer.c_phone, nation.n_name, customer.c_address, customer.c_comment
               Buffers: shared hit=1183232 read=226102 dirtied=114 written=2195
               ->  Hash Join  (cost=350689.13..1111909.09 rows=568584 width=175) (actual time=7523.065..22639.370 rows=1147436 loops=1)
                     Hash Cond: (customer.c_nationkey = nation.n_nationkey)
                     Buffers: shared hit=1183232 read=226102 dirtied=114 written=2195
                     ->  Hash Join  (cost=350687.57..1104089.50 rows=568584 width=153) (actual time=7523.011..22206.373 rows=1147436 loops=1)
                           Hash Cond: (orders.o_custkey = customer.c_custkey)
                           Buffers: shared hit=1183231 read=226102 dirtied=114 written=2195
                           ->  Hash Join  (cost=281659.57..1026532.74 rows=568584 width=12) (actual time=5635.654..19371.020 rows=1147436 loops=1)
                                 Hash Cond: (lineitem.l_orderkey = orders.o_orderkey)
                                 Buffers: shared hit=1149849 read=224206 dirtied=114 written=2195
                                 ->  Index Scan using lineitem_l_orderkey_idx_l_returnflag on lineitem  (cost=0.43..683761.30 rows=14780392 width=12) (actual time=0.112..9800.577 rows=14808323 loops=1)
                                       Buffers: shared hit=1102200 read=41949 dirtied=114 written=2195
                                 ->  Hash  (cost=274439.04..274439.04 rows=577608 width=8) (actual time=5627.202..5627.202 rows=573069 loops=1)
                                       Buckets: 1048576  Batches: 1  Memory Usage: 30578kB
                                       Buffers: shared hit=47649 read=182257
                                       ->  Bitmap Heap Scan on orders  (cost=12252.92..274439.04 rows=577608 width=8) (actual time=519.460..5288.589 rows=573069 loops=1)
                                             Recheck Cond: ((o_orderdate >= '1994-03-01'::date) AND (o_orderdate < '1994-06-01'::date))
                                             Heap Blocks: exact=228337
                                             Buffers: shared hit=47649 read=182257
                                             ->  Bitmap Index Scan on orders_o_orderdate_o_orderkey_idx  (cost=0.00..12108.51 rows=577608 width=0) (actual time=390.142..390.142 rows=573681 loops=1)
                                                   Index Cond: ((o_orderdate >= '1994-03-01'::date) AND (o_orderdate < '1994-06-01'::date))
                                                   Buffers: shared hit=1 read=1568
                           ->  Hash  (cost=50278.00..50278.00 rows=1500000 width=145) (actual time=1879.363..1879.363 rows=1500000 loops=1)
                                 Buckets: 2097152  Batches: 1  Memory Usage: 281501kB
                                 Buffers: shared hit=33382 read=1896
                                 ->  Seq Scan on customer  (cost=0.00..50278.00 rows=1500000 width=145) (actual time=0.013..820.345 rows=1500000 loops=1)
                                       Buffers: shared hit=33382 read=1896
                     ->  Hash  (cost=1.25..1.25 rows=25 width=30) (actual time=0.027..0.027 rows=25 loops=1)
                           Buckets: 1024  Batches: 1  Memory Usage: 10kB
                           Buffers: shared hit=1
                           ->  Seq Scan on nation  (cost=0.00..1.25 rows=25 width=30) (actual time=0.009..0.014 rows=25 loops=1)
                                 Buffers: shared hit=1
 Planning time: 3.921 ms
 Execution time: 25836.764 ms
(42 rows)

COMMIT;
COMMIT
