BEGIN;
BEGIN
EXPLAIN (ANALYZE, BUFFERS)
select
	c_custkey,
	c_name,
	sum(l_extendedprice * (1 - l_discount)) as revenue,
	c_acctbal,
	n_name,
	c_address,
	c_phone,
	c_comment
from
	customer,
	orders,
	lineitem,
	nation
where
	c_custkey = o_custkey
	and l_orderkey = o_orderkey
	and o_orderdate >= date '1993-04-01'
	and o_orderdate < cast(date '1993-04-01' + interval '3 month' as date)
	and l_returnflag = 'R'
	and c_nationkey = n_nationkey
group by
	c_custkey,
	c_name,
	c_acctbal,
	c_phone,
	n_name,
	c_address,
	c_comment
order by
	revenue desc
LIMIT 20;
                                                                                                QUERY PLAN                                                                                                 
-----------------------------------------------------------------------------------------------------------------------------------------------------------------------------------------------------------
 Limit  (cost=1160427.76..1160427.81 rows=20 width=175) (actual time=25277.433..25277.441 rows=20 loops=1)
   Buffers: shared hit=1077338 read=371975 written=8167
   ->  Sort  (cost=1160427.76..1161837.92 rows=564065 width=175) (actual time=25277.430..25277.435 rows=20 loops=1)
         Sort Key: (sum((lineitem.l_extendedprice * (1::double precision - lineitem.l_discount))))
         Sort Method: top-N heapsort  Memory: 30kB
         Buffers: shared hit=1077338 read=371975 written=8167
         ->  HashAggregate  (cost=1139777.54..1145418.19 rows=564065 width=175) (actual time=24788.197..25127.342 rows=378827 loops=1)
               Group Key: customer.c_custkey, customer.c_name, customer.c_acctbal, customer.c_phone, nation.n_name, customer.c_address, customer.c_comment
               Buffers: shared hit=1077335 read=371975 written=8167
               ->  Hash Join  (cost=354299.86..1125675.92 rows=564065 width=175) (actual time=5697.325..22971.796 rows=1136602 loops=1)
                     Hash Cond: (customer.c_nationkey = nation.n_nationkey)
                     Buffers: shared hit=1077335 read=371975 written=8167
                     ->  Hash Join  (cost=354298.30..1117918.46 rows=564065 width=153) (actual time=5697.292..22598.091 rows=1136602 loops=1)
                           Hash Cond: (orders.o_custkey = customer.c_custkey)
                           Buffers: shared hit=1077334 read=371975 written=8167
                           ->  Hash Join  (cost=285270.30..1040429.49 rows=564065 width=12) (actual time=3793.783..19886.152 rows=1136602 loops=1)
                                 Hash Cond: (lineitem.l_orderkey = orders.o_orderkey)
                                 Buffers: shared hit=1077332 read=336699 written=8022
                                 ->  Index Scan using lineitem_l_orderkey_idx_l_returnflag on lineitem  (cost=0.43..693317.76 rows=14986990 width=12) (actual time=0.060..11856.150 rows=14822310 loops=1)
                                       Buffers: shared hit=1046199 read=135506 written=7682
                                 ->  Hash  (cost=278107.14..278107.14 rows=573018 width=8) (actual time=3786.527..3786.527 rows=568320 loops=1)
                                       Buckets: 1048576  Batches: 1  Memory Usage: 30392kB
                                       Buffers: shared hit=31133 read=201193 written=340
                                       ->  Bitmap Heap Scan on orders  (cost=12445.87..278107.14 rows=573018 width=8) (actual time=291.022..3546.795 rows=568320 loops=1)
                                             Recheck Cond: ((o_orderdate >= '1993-04-01'::date) AND (o_orderdate < '1993-07-01'::date))
                                             Heap Blocks: exact=230678
                                             Buffers: shared hit=31133 read=201193 written=340
                                             ->  Bitmap Index Scan on orders_o_orderdate_o_orderkey_idx  (cost=0.00..12302.61 rows=573018 width=0) (actual time=211.316..211.316 rows=576292 loops=1)
                                                   Index Cond: ((o_orderdate >= '1993-04-01'::date) AND (o_orderdate < '1993-07-01'::date))
                                                   Buffers: shared read=1648 written=7
                           ->  Hash  (cost=50278.00..50278.00 rows=1500000 width=145) (actual time=1888.801..1888.801 rows=1500000 loops=1)
                                 Buckets: 2097152  Batches: 1  Memory Usage: 281501kB
                                 Buffers: shared hit=2 read=35276 written=145
                                 ->  Seq Scan on customer  (cost=0.00..50278.00 rows=1500000 width=145) (actual time=0.015..995.907 rows=1500000 loops=1)
                                       Buffers: shared hit=2 read=35276 written=145
                     ->  Hash  (cost=1.25..1.25 rows=25 width=30) (actual time=0.019..0.019 rows=25 loops=1)
                           Buckets: 1024  Batches: 1  Memory Usage: 10kB
                           Buffers: shared hit=1
                           ->  Seq Scan on nation  (cost=0.00..1.25 rows=25 width=30) (actual time=0.005..0.009 rows=25 loops=1)
                                 Buffers: shared hit=1
 Planning time: 6.251 ms
 Execution time: 25292.943 ms
(42 rows)

COMMIT;
COMMIT
