BEGIN;
BEGIN
EXPLAIN (ANALYZE, BUFFERS)
select
	s_name,
	count(*) as numwait
from
	supplier,
	lineitem l1,
	orders,
	nation
where
	s_suppkey = l1.l_suppkey
	and o_orderkey = l1.l_orderkey
	and o_orderstatus = 'F'
	and l1.l_receiptdate > l1.l_commitdate
	and exists (
		select
			*
		from
			lineitem l2
		where
			l2.l_orderkey = l1.l_orderkey
			and l2.l_suppkey <> l1.l_suppkey
	)
	and not exists (
		select
			*
		from
			lineitem l3
		where
			l3.l_orderkey = l1.l_orderkey
			and l3.l_suppkey <> l1.l_suppkey
			and l3.l_receiptdate > l3.l_commitdate
	)
	and s_nationkey = n_nationkey
	and n_name = 'RUSSIA'
group by
	s_name
order by
	numwait desc,
	s_name
LIMIT 100;
                                                                                                    QUERY PLAN                                                                                                    
------------------------------------------------------------------------------------------------------------------------------------------------------------------------------------------------------------------
 Limit  (cost=5473291.42..5473291.42 rows=1 width=26) (actual time=79941.271..79941.287 rows=100 loops=1)
   Buffers: shared hit=3491121 read=855917 dirtied=2277 written=24193
   ->  Sort  (cost=5473291.42..5473291.42 rows=1 width=26) (actual time=79941.244..79941.249 rows=100 loops=1)
         Sort Key: (count(*)), supplier.s_name
         Sort Method: top-N heapsort  Memory: 32kB
         Buffers: shared hit=3491121 read=855917 dirtied=2277 written=24193
         ->  HashAggregate  (cost=5473291.40..5473291.41 rows=1 width=26) (actual time=79938.841..79940.107 rows=4021 loops=1)
               Group Key: supplier.s_name
               Buffers: shared hit=3491113 read=855917 dirtied=2277 written=24193
               ->  Merge Semi Join  (cost=1614190.01..5473291.39 rows=1 width=26) (actual time=36892.201..79844.261 rows=39412 loops=1)
                     Merge Cond: (orders.o_orderkey = l2.l_orderkey)
                     Join Filter: (l2.l_suppkey <> l1.l_suppkey)
                     Rows Removed by Join Filter: 42503
                     Buffers: shared hit=3491113 read=855917 dirtied=2277 written=24193
                     ->  Merge Anti Join  (cost=1614176.55..2634513.99 rows=395797 width=38) (actual time=36890.816..59075.507 rows=66312 loops=1)
                           Merge Cond: (l1.l_orderkey = l3.l_orderkey)
                           Join Filter: (l3.l_suppkey <> l1.l_suppkey)
                           Rows Removed by Join Filter: 267682
                           Buffers: shared hit=2207659 read=687818 dirtied=1354 written=20392
                           ->  Sort  (cost=1614175.98..1615165.47 rows=395797 width=38) (actual time=36890.545..37073.353 rows=736463 loops=1)
                                 Sort Key: l1.l_orderkey
                                 Sort Method: quicksort  Memory: 82113kB
                                 Buffers: shared hit=1103754 read=477922 dirtied=1354 written=15699
                                 ->  Hash Join  (cost=542881.25..1577377.94 rows=395797 width=38) (actual time=9157.138..36541.770 rows=736463 loops=1)
                                       Hash Cond: (l1.l_orderkey = orders.o_orderkey)
                                       Buffers: shared hit=1103751 read=477922 dirtied=1354 written=15699
                                       ->  Hash Join  (cost=3645.89..1025065.11 rows=810622 width=34) (actual time=45.394..26089.798 rows=1525374 loops=1)
                                             Hash Cond: (l1.l_suppkey = supplier.s_suppkey)
                                             Buffers: shared hit=1103749 read=221364 dirtied=592 written=950
                                             ->  Index Scan using lineitem_l_orderkey_idx_part1 on lineitem l1  (cost=0.56..937317.74 rows=20265553 width=8) (actual time=0.092..18561.932 rows=37928434 loops=1)
                                                   Buffers: shared hit=1101566 read=221364 dirtied=592 written=950
                                             ->  Hash  (cost=3595.32..3595.32 rows=4000 width=30) (actual time=45.220..45.220 rows=4021 loops=1)
                                                   Buckets: 4096  Batches: 1  Memory Usage: 284kB
                                                   Buffers: shared hit=2180
                                                   ->  Hash Join  (cost=1.32..3595.32 rows=4000 width=30) (actual time=0.040..44.063 rows=4021 loops=1)
                                                         Hash Cond: (supplier.s_nationkey = nation.n_nationkey)
                                                         Buffers: shared hit=2180
                                                         ->  Seq Scan on supplier  (cost=0.00..3179.00 rows=100000 width=34) (actual time=0.008..29.292 rows=100000 loops=1)
                                                               Buffers: shared hit=2179
                                                         ->  Hash  (cost=1.31..1.31 rows=1 width=4) (actual time=0.016..0.016 rows=1 loops=1)
                                                               Buckets: 1024  Batches: 1  Memory Usage: 9kB
                                                               Buffers: shared hit=1
                                                               ->  Seq Scan on nation  (cost=0.00..1.31 rows=1 width=4) (actual time=0.011..0.012 rows=1 loops=1)
                                                                     Filter: (n_name = 'RUSSIA'::bpchar)
                                                                     Rows Removed by Filter: 24
                                                                     Buffers: shared hit=1
                                       ->  Hash  (cost=446496.39..446496.39 rows=7419118 width=4) (actual time=9053.663..9053.663 rows=7309694 loops=1)
                                             Buckets: 8388608  Batches: 1  Memory Usage: 322518kB
                                             Buffers: shared hit=2 read=256558 dirtied=762 written=14749
                                             ->  Seq Scan on orders  (cost=0.00..446496.39 rows=7419118 width=4) (actual time=0.030..6422.547 rows=7309694 loops=1)
                                                   Filter: (o_orderstatus = 'F'::bpchar)
                                                   Rows Removed by Filter: 7690306
                                                   Buffers: shared hit=2 read=256558 dirtied=762 written=14749
                           ->  Index Scan using lineitem_l_orderkey_idx_part1 on lineitem l3  (cost=0.56..937317.74 rows=20265553 width=8) (actual time=0.115..17837.973 rows=37946449 loops=1)
                                 Buffers: shared hit=1103905 read=209896 written=4693
                     ->  Index Scan using lineitem_l_orderkey_idx on lineitem l2  (cost=0.56..2666010.46 rows=60796660 width=8) (actual time=0.063..14848.600 rows=59985516 loops=1)
                           Buffers: shared hit=1283454 read=168099 dirtied=923 written=3801
 Planning time: 9.911 ms
 Execution time: 79977.097 ms
(59 rows)

COMMIT;
COMMIT
