BEGIN;
BEGIN
EXPLAIN (ANALYZE, BUFFERS)
select
	c_custkey,
	c_name,
	sum(l_extendedprice * (1 - l_discount)) as revenue,
	c_acctbal,
	n_name,
	c_address,
	c_phone,
	c_comment
from
	customer,
	orders,
	lineitem,
	nation
where
	c_custkey = o_custkey
	and l_orderkey = o_orderkey
	and o_orderdate >= date '1993-09-01'
	and o_orderdate < cast(date '1993-09-01' + interval '3 month' as date)
	and l_returnflag = 'R'
	and c_nationkey = n_nationkey
group by
	c_custkey,
	c_name,
	c_acctbal,
	c_phone,
	n_name,
	c_address,
	c_comment
order by
	revenue desc
LIMIT 20;
                                                                                                QUERY PLAN                                                                                                 
-----------------------------------------------------------------------------------------------------------------------------------------------------------------------------------------------------------
 Limit  (cost=1166886.96..1166887.01 rows=20 width=175) (actual time=24573.203..24573.209 rows=20 loops=1)
   Buffers: shared hit=1042959 read=422428 dirtied=225 written=492
   ->  Sort  (cost=1166886.96..1168305.47 rows=567405 width=175) (actual time=24573.200..24573.203 rows=20 loops=1)
         Sort Key: (sum((lineitem.l_extendedprice * (1::double precision - lineitem.l_discount))))
         Sort Method: top-N heapsort  Memory: 30kB
         Buffers: shared hit=1042959 read=422428 dirtied=225 written=492
         ->  HashAggregate  (cost=1146114.46..1151788.51 rows=567405 width=175) (actual time=24159.711..24427.049 rows=378512 loops=1)
               Group Key: customer.c_custkey, customer.c_name, customer.c_acctbal, customer.c_phone, nation.n_name, customer.c_address, customer.c_comment
               Buffers: shared hit=1042956 read=422428 dirtied=225 written=492
               ->  Hash Join  (cost=355984.83..1131929.34 rows=567405 width=175) (actual time=6048.043..22350.089 rows=1134915 loops=1)
                     Hash Cond: (customer.c_nationkey = nation.n_nationkey)
                     Buffers: shared hit=1042956 read=422428 dirtied=225 written=492
                     ->  Hash Join  (cost=355983.27..1124125.96 rows=567405 width=153) (actual time=6048.009..21976.182 rows=1134915 loops=1)
                           Hash Cond: (orders.o_custkey = customer.c_custkey)
                           Buffers: shared hit=1042955 read=422428 dirtied=225 written=492
                           ->  Hash Join  (cost=286955.27..1046586.88 rows=567405 width=12) (actual time=4089.924..19269.448 rows=1134915 loops=1)
                                 Hash Cond: (lineitem.l_orderkey = orders.o_orderkey)
                                 Buffers: shared hit=1042121 read=387984 dirtied=225 written=418
                                 ->  Index Scan using lineitem_l_orderkey_idx_l_returnflag on lineitem  (cost=0.43..697423.96 rows=15075744 width=12) (actual time=0.122..11037.067 rows=14808143 loops=1)
                                       Buffers: shared hit=1042120 read=154159 dirtied=225 written=56
                                 ->  Hash  (cost=279749.74..279749.74 rows=576408 width=8) (actual time=4083.416..4083.416 rows=567387 loops=1)
                                       Buckets: 1048576  Batches: 1  Memory Usage: 30356kB
                                       Buffers: shared hit=1 read=233825 written=362
                                       ->  Bitmap Heap Scan on orders  (cost=12516.62..279749.74 rows=576408 width=8) (actual time=341.907..3850.027 rows=567387 loops=1)
                                             Recheck Cond: ((o_orderdate >= '1993-09-01'::date) AND (o_orderdate < '1993-12-01'::date))
                                             Heap Blocks: exact=232165
                                             Buffers: shared hit=1 read=233825 written=362
                                             ->  Bitmap Index Scan on orders_o_orderdate_o_orderkey_idx  (cost=0.00..12372.51 rows=576408 width=0) (actual time=242.058..242.058 rows=579055 loops=1)
                                                   Index Cond: ((o_orderdate >= '1993-09-01'::date) AND (o_orderdate < '1993-12-01'::date))
                                                   Buffers: shared read=1661 written=2
                           ->  Hash  (cost=50278.00..50278.00 rows=1500000 width=145) (actual time=1945.628..1945.628 rows=1500000 loops=1)
                                 Buckets: 2097152  Batches: 1  Memory Usage: 281501kB
                                 Buffers: shared hit=834 read=34444 written=74
                                 ->  Seq Scan on customer  (cost=0.00..50278.00 rows=1500000 width=145) (actual time=0.011..982.814 rows=1500000 loops=1)
                                       Buffers: shared hit=834 read=34444 written=74
                     ->  Hash  (cost=1.25..1.25 rows=25 width=30) (actual time=0.019..0.019 rows=25 loops=1)
                           Buckets: 1024  Batches: 1  Memory Usage: 10kB
                           Buffers: shared hit=1
                           ->  Seq Scan on nation  (cost=0.00..1.25 rows=25 width=30) (actual time=0.005..0.009 rows=25 loops=1)
                                 Buffers: shared hit=1
 Planning time: 5.371 ms
 Execution time: 24586.085 ms
(42 rows)

COMMIT;
COMMIT
