BEGIN;
BEGIN
EXPLAIN (ANALYZE, BUFFERS)
select
	c_custkey,
	c_name,
	sum(l_extendedprice * (1 - l_discount)) as revenue,
	c_acctbal,
	n_name,
	c_address,
	c_phone,
	c_comment
from
	customer,
	orders,
	lineitem,
	nation
where
	c_custkey = o_custkey
	and l_orderkey = o_orderkey
	and o_orderdate >= date '1993-07-01'
	and o_orderdate < cast(date '1993-07-01' + interval '3 month' as date)
	and l_returnflag = 'R'
	and c_nationkey = n_nationkey
group by
	c_custkey,
	c_name,
	c_acctbal,
	c_phone,
	n_name,
	c_address,
	c_comment
order by
	revenue desc
LIMIT 20;
                                                                                                QUERY PLAN                                                                                                 
-----------------------------------------------------------------------------------------------------------------------------------------------------------------------------------------------------------
 Limit  (cost=1151299.98..1151300.03 rows=20 width=175) (actual time=27502.939..27502.956 rows=20 loops=1)
   Buffers: shared hit=958303 read=472566 dirtied=179 written=9009
   ->  Sort  (cost=1151299.98..1152710.44 rows=564186 width=175) (actual time=27502.936..27502.940 rows=20 loops=1)
         Sort Key: (sum((lineitem.l_extendedprice * (1::double precision - lineitem.l_discount))))
         Sort Method: top-N heapsort  Memory: 30kB
         Buffers: shared hit=958303 read=472566 dirtied=179 written=9009
         ->  HashAggregate  (cost=1130645.33..1136287.19 rows=564186 width=175) (actual time=27092.087..27358.992 rows=381614 loops=1)
               Group Key: customer.c_custkey, customer.c_name, customer.c_acctbal, customer.c_phone, nation.n_name, customer.c_address, customer.c_comment
               Buffers: shared hit=958300 read=472566 dirtied=179 written=9009
               ->  Hash Join  (cost=351801.47..1116540.68 rows=564186 width=175) (actual time=5361.199..24630.078 rows=1147232 loops=1)
                     Hash Cond: (customer.c_nationkey = nation.n_nationkey)
                     Buffers: shared hit=958300 read=472566 dirtied=179 written=9009
                     ->  Hash Join  (cost=351799.90..1108781.56 rows=564186 width=153) (actual time=5361.157..24247.870 rows=1147232 loops=1)
                           Hash Cond: (orders.o_custkey = customer.c_custkey)
                           Buffers: shared hit=958299 read=472566 dirtied=179 written=9009
                           ->  Hash Join  (cost=282771.90..1031290.77 rows=564186 width=12) (actual time=3747.675..21294.518 rows=1147232 loops=1)
                                 Hash Cond: (lineitem.l_orderkey = orders.o_orderkey)
                                 Buffers: shared hit=940946 read=454641 dirtied=179 written=9009
                                 ->  Index Scan using lineitem_l_orderkey_idx_l_returnflag on lineitem  (cost=0.43..687174.32 rows=14854165 width=12) (actual time=0.081..12123.430 rows=14808418 loops=1)
                                       Buffers: shared hit=921555 read=243076 dirtied=179 written=1965
                                 ->  Hash  (cost=275607.22..275607.22 rows=573140 width=8) (actual time=3740.855..3740.855 rows=573782 loops=1)
                                       Buckets: 1048576  Batches: 1  Memory Usage: 30606kB
                                       Buffers: shared hit=19391 read=211565 written=7044
                                       ->  Bitmap Heap Scan on orders  (cost=12223.12..275607.22 rows=573140 width=8) (actual time=289.071..3480.917 rows=573782 loops=1)
                                             Recheck Cond: ((o_orderdate >= '1993-07-01'::date) AND (o_orderdate < '1993-10-01'::date))
                                             Heap Blocks: exact=229360
                                             Buffers: shared hit=19391 read=211565 written=7044
                                             ->  Bitmap Index Scan on orders_o_orderdate_o_orderkey_idx  (cost=0.00..12079.84 rows=573140 width=0) (actual time=211.070..211.070 rows=577082 loops=1)
                                                   Index Cond: ((o_orderdate >= '1993-07-01'::date) AND (o_orderdate < '1993-10-01'::date))
                                                   Buffers: shared read=1596
                           ->  Hash  (cost=50278.00..50278.00 rows=1500000 width=145) (actual time=1601.891..1601.891 rows=1500000 loops=1)
                                 Buckets: 2097152  Batches: 1  Memory Usage: 281501kB
                                 Buffers: shared hit=17353 read=17925
                                 ->  Seq Scan on customer  (cost=0.00..50278.00 rows=1500000 width=145) (actual time=0.011..729.372 rows=1500000 loops=1)
                                       Buffers: shared hit=17353 read=17925
                     ->  Hash  (cost=1.25..1.25 rows=25 width=30) (actual time=0.023..0.023 rows=25 loops=1)
                           Buckets: 1024  Batches: 1  Memory Usage: 10kB
                           Buffers: shared hit=1
                           ->  Seq Scan on nation  (cost=0.00..1.25 rows=25 width=30) (actual time=0.007..0.011 rows=25 loops=1)
                                 Buffers: shared hit=1
 Planning time: 5.655 ms
 Execution time: 27686.243 ms
(42 rows)

COMMIT;
COMMIT
