BEGIN;
BEGIN
EXPLAIN (ANALYZE, BUFFERS)
select
	s_name,
	count(*) as numwait
from
	supplier,
	lineitem l1,
	orders,
	nation
where
	s_suppkey = l1.l_suppkey
	and o_orderkey = l1.l_orderkey
	and o_orderstatus = 'F'
	and l1.l_receiptdate > l1.l_commitdate
	and exists (
		select
			*
		from
			lineitem l2
		where
			l2.l_orderkey = l1.l_orderkey
			and l2.l_suppkey <> l1.l_suppkey
	)
	and not exists (
		select
			*
		from
			lineitem l3
		where
			l3.l_orderkey = l1.l_orderkey
			and l3.l_suppkey <> l1.l_suppkey
			and l3.l_receiptdate > l3.l_commitdate
	)
	and s_nationkey = n_nationkey
	and n_name = 'UNITED KINGDOM'
group by
	s_name
order by
	numwait desc,
	s_name
LIMIT 100;
                                                                                                    QUERY PLAN                                                                                                    
------------------------------------------------------------------------------------------------------------------------------------------------------------------------------------------------------------------
 Limit  (cost=5398778.74..5398778.75 rows=1 width=26) (actual time=70571.664..70571.680 rows=100 loops=1)
   Buffers: shared hit=3751911 read=421135 dirtied=436 written=2409
   ->  Sort  (cost=5398778.74..5398778.75 rows=1 width=26) (actual time=70571.661..70571.668 rows=100 loops=1)
         Sort Key: (count(*)), supplier.s_name
         Sort Method: top-N heapsort  Memory: 32kB
         Buffers: shared hit=3751911 read=421135 dirtied=436 written=2409
         ->  HashAggregate  (cost=5398778.72..5398778.73 rows=1 width=26) (actual time=70569.338..70570.415 rows=3973 loops=1)
               Group Key: supplier.s_name
               Buffers: shared hit=3751903 read=421135 dirtied=436 written=2409
               ->  Merge Semi Join  (cost=1594533.41..5398778.72 rows=1 width=26) (actual time=34247.989..70503.265 rows=39497 loops=1)
                     Merge Cond: (orders.o_orderkey = l2.l_orderkey)
                     Join Filter: (l2.l_suppkey <> l1.l_suppkey)
                     Rows Removed by Join Filter: 41732
                     Buffers: shared hit=3751903 read=421135 dirtied=436 written=2409
                     ->  Merge Anti Join  (cost=1594519.95..2601879.99 rows=390907 width=38) (actual time=34247.655..51717.216 rows=65761 loops=1)
                           Merge Cond: (l1.l_orderkey = l3.l_orderkey)
                           Join Filter: (l3.l_suppkey <> l1.l_suppkey)
                           Rows Removed by Join Filter: 264801
                           Buffers: shared hit=2437958 read=345214 dirtied=285 written=1011
                           ->  Sort  (cost=1594519.38..1595496.65 rows=390907 width=38) (actual time=34247.224..34381.638 rows=726151 loops=1)
                                 Sort Key: l1.l_orderkey
                                 Sort Method: quicksort  Memory: 81307kB
                                 Buffers: shared hit=1437371 read=79816 dirtied=62 written=961
                                 ->  Hash Join  (cost=536496.02..1558211.03 rows=390907 width=38) (actual time=9254.544..33895.365 rows=726151 loops=1)
                                       Hash Cond: (l1.l_orderkey = orders.o_orderkey)
                                       Buffers: shared hit=1437368 read=79816 dirtied=62 written=961
                                       ->  Hash Join  (cost=3645.89..1012445.02 rows=800606 width=34) (actual time=76.591..23592.081 rows=1505240 loops=1)
                                             Hash Cond: (l1.l_suppkey = supplier.s_suppkey)
                                             Buffers: shared hit=1198525 read=65137 written=961
                                             ->  Index Scan using lineitem_l_orderkey_idx_part1 on lineitem l1  (cost=0.56..925736.79 rows=20015156 width=8) (actual time=0.152..16943.430 rows=37928797 loops=1)
                                                   Buffers: shared hit=1198489 read=62990 written=961
                                             ->  Hash  (cost=3595.32..3595.32 rows=4000 width=30) (actual time=76.283..76.283 rows=3973 loops=1)
                                                   Buckets: 4096  Batches: 1  Memory Usage: 281kB
                                                   Buffers: shared hit=33 read=2147
                                                   ->  Hash Join  (cost=1.32..3595.32 rows=4000 width=30) (actual time=0.070..74.353 rows=3973 loops=1)
                                                         Hash Cond: (supplier.s_nationkey = nation.n_nationkey)
                                                         Buffers: shared hit=33 read=2147
                                                         ->  Seq Scan on supplier  (cost=0.00..3179.00 rows=100000 width=34) (actual time=0.013..55.383 rows=100000 loops=1)
                                                               Buffers: shared hit=32 read=2147
                                                         ->  Hash  (cost=1.31..1.31 rows=1 width=4) (actual time=0.029..0.029 rows=1 loops=1)
                                                               Buckets: 1024  Batches: 1  Memory Usage: 9kB
                                                               Buffers: shared hit=1
                                                               ->  Seq Scan on nation  (cost=0.00..1.31 rows=1 width=4) (actual time=0.019..0.021 rows=1 loops=1)
                                                                     Filter: (n_name = 'UNITED KINGDOM'::bpchar)
                                                                     Rows Removed by Filter: 24
                                                                     Buffers: shared hit=1
                                       ->  Hash  (cost=441209.30..441209.30 rows=7331266 width=4) (actual time=9116.336..9116.336 rows=7309388 loops=1)
                                             Buckets: 8388608  Batches: 1  Memory Usage: 322507kB
                                             Buffers: shared hit=238843 read=14679 dirtied=62
                                             ->  Seq Scan on orders  (cost=0.00..441209.30 rows=7331266 width=4) (actual time=0.048..6005.828 rows=7309388 loops=1)
                                                   Filter: (o_orderstatus = 'F'::bpchar)
                                                   Rows Removed by Filter: 7690612
                                                   Buffers: shared hit=238843 read=14679 dirtied=62
                           ->  Index Scan using lineitem_l_orderkey_idx_part1 on lineitem l3  (cost=0.56..925736.79 rows=20015156 width=8) (actual time=0.095..13239.870 rows=37946153 loops=1)
                                 Buffers: shared hit=1000587 read=265398 dirtied=223 written=50
                     ->  Index Scan using lineitem_l_orderkey_idx on lineitem l2  (cost=0.56..2626276.58 rows=60045468 width=8) (actual time=0.020..12970.920 rows=59984980 loops=1)
                           Buffers: shared hit=1313945 read=75921 dirtied=151 written=1398
 Planning time: 11.322 ms
 Execution time: 70604.242 ms
(59 rows)

COMMIT;
COMMIT
