BEGIN;
BEGIN
EXPLAIN (ANALYZE, BUFFERS)
select
	o_year,
	sum(case
		when nation = 'KENYA' then volume
		else 0
	end) / sum(volume) as mkt_share
from
	(
		select
			extract(year from o_orderdate) as o_year,
			l_extendedprice * (1 - l_discount) as volume,
			n2.n_name as nation
		from
			part,
			supplier,
			lineitem,
			orders,
			customer,
			nation n1,
			nation n2,
			region
		where
			p_partkey = l_partkey
			and s_suppkey = l_suppkey
			and l_orderkey = o_orderkey
			and o_custkey = c_custkey
			and c_nationkey = n1.n_nationkey
			and n1.n_regionkey = r_regionkey
			and r_name = 'AFRICA'
			and s_nationkey = n2.n_nationkey
			and o_orderdate between date '1995-01-01' and date '1996-12-31'
			and p_type = 'ECONOMY BURNISHED BRASS'
	) as all_nations
group by
	o_year
order by
	o_year;
                                                                                                QUERY PLAN                                                                                                
----------------------------------------------------------------------------------------------------------------------------------------------------------------------------------------------------------
 Sort  (cost=2489786.75..2489788.57 rows=727 width=38) (actual time=36143.677..36143.677 rows=2 loops=1)
   Sort Key: (date_part('year'::text, (orders.o_orderdate)::timestamp without time zone))
   Sort Method: quicksort  Memory: 25kB
   Buffers: shared hit=986774 read=416642 dirtied=922 written=435
   ->  HashAggregate  (cost=2489739.47..2489752.20 rows=727 width=38) (actual time=36143.607..36143.608 rows=2 loops=1)
         Group Key: date_part('year'::text, (orders.o_orderdate)::timestamp without time zone)
         Buffers: shared hit=986771 read=416642 dirtied=922 written=435
         ->  Hash Join  (cost=560216.32..2489243.81 rows=24783 width=38) (actual time=10122.595..36097.412 rows=24527 loops=1)
               Hash Cond: (supplier.s_nationkey = n2.n_nationkey)
               Buffers: shared hit=986771 read=416642 dirtied=922 written=435
               ->  Hash Join  (cost=560214.75..2488777.57 rows=24783 width=16) (actual time=10122.533..36052.481 rows=24527 loops=1)
                     Hash Cond: (lineitem.l_suppkey = supplier.s_suppkey)
                     Buffers: shared hit=986767 read=416642 dirtied=922 written=435
                     ->  Hash Join  (cost=555785.75..2484007.80 rows=24783 width=16) (actual time=10061.047..35946.380 rows=24527 loops=1)
                           Hash Cond: (lineitem.l_orderkey = orders.o_orderkey)
                           Buffers: shared hit=984588 read=416642 dirtied=922 written=435
                           ->  Hash Join  (cost=28434.81..1954870.22 rows=410349 width=16) (actual time=234.892..25785.567 rows=405419 loops=1)
                                 Hash Cond: (lineitem.l_partkey = part.p_partkey)
                                 Buffers: shared hit=976856 read=118283 dirtied=669 written=156
                                 ->  Seq Scan on lineitem  (cost=0.00..1693563.67 rows=61004867 width=20) (actual time=0.020..13737.852 rows=60045180 loops=1)
                                       Buffers: shared hit=976524 read=106991 dirtied=669 written=144
                                 ->  Hash  (cost=28266.65..28266.65 rows=13453 width=4) (actual time=234.670..234.670 rows=13476 loops=1)
                                       Buckets: 16384  Batches: 1  Memory Usage: 602kB
                                       Buffers: shared hit=332 read=11292 written=12
                                       ->  Bitmap Heap Scan on part  (cost=416.69..28266.65 rows=13453 width=4) (actual time=7.188..228.378 rows=13476 loops=1)
                                             Recheck Cond: ((p_type)::text = 'ECONOMY BURNISHED BRASS'::text)
                                             Heap Blocks: exact=11540
                                             Buffers: shared hit=332 read=11292 written=12
                                             ->  Bitmap Index Scan on part_p_type_p_partkey_idx  (cost=0.00..413.32 rows=13453 width=0) (actual time=4.918..4.918 rows=13476 loops=1)
                                                   Index Cond: ((p_type)::text = 'ECONOMY BURNISHED BRASS'::text)
                                                   Buffers: shared read=84 written=1
                           ->  Hash  (cost=515834.68..515834.68 rows=921301 width=8) (actual time=9821.699..9821.699 rows=911923 loops=1)
                                 Buckets: 1048576  Batches: 1  Memory Usage: 43814kB
                                 Buffers: shared hit=7732 read=298359 dirtied=253 written=279
                                 ->  Hash Join  (cost=162676.66..515834.68 rows=921301 width=8) (actual time=3306.662..9521.004 rows=911923 loops=1)
                                       Hash Cond: (orders.o_custkey = customer.c_custkey)
                                       Buffers: shared hit=7732 read=298359 dirtied=253 written=279
                                       ->  Bitmap Heap Scan on orders  (cost=100021.13..426691.74 rows=4606507 width=12) (actual time=2220.861..6796.114 rows=4561757 loops=1)
                                             Recheck Cond: ((o_orderdate >= '1995-01-01'::date) AND (o_orderdate <= '1996-12-31'::date))
                                             Heap Blocks: exact=257573
                                             Buffers: shared hit=7729 read=263082 dirtied=253 written=237
                                             ->  Bitmap Index Scan on orders_o_orderdate_o_orderkey_idx  (cost=0.00..98869.51 rows=4606507 width=0) (actual time=2109.827..2109.827 rows=4634857 loops=1)
                                                   Index Cond: ((o_orderdate >= '1995-01-01'::date) AND (o_orderdate <= '1996-12-31'::date))
                                                   Buffers: shared read=13238 written=6
                                       ->  Hash  (cost=58905.53..58905.53 rows=300000 width=4) (actual time=1083.472..1083.472 rows=299493 loops=1)
                                             Buckets: 524288  Batches: 1  Memory Usage: 14626kB
                                             Buffers: shared hit=3 read=35277 written=42
                                             ->  Hash Join  (cost=2.53..58905.53 rows=300000 width=4) (actual time=0.075..993.094 rows=299493 loops=1)
                                                   Hash Cond: (customer.c_nationkey = n1.n_nationkey)
                                                   Buffers: shared hit=3 read=35277 written=42
                                                   ->  Seq Scan on customer  (cost=0.00..50278.00 rows=1500000 width=8) (actual time=0.010..728.339 rows=1500000 loops=1)
                                                         Buffers: shared hit=1 read=35277 written=42
                                                   ->  Hash  (cost=2.47..2.47 rows=5 width=4) (actual time=0.049..0.049 rows=5 loops=1)
                                                         Buckets: 1024  Batches: 1  Memory Usage: 9kB
                                                         Buffers: shared hit=2
                                                         ->  Hash Join  (cost=1.07..2.47 rows=5 width=4) (actual time=0.038..0.044 rows=5 loops=1)
                                                               Hash Cond: (n1.n_regionkey = region.r_regionkey)
                                                               Buffers: shared hit=2
                                                               ->  Seq Scan on nation n1  (cost=0.00..1.25 rows=25 width=8) (actual time=0.005..0.006 rows=25 loops=1)
                                                                     Buffers: shared hit=1
                                                               ->  Hash  (cost=1.06..1.06 rows=1 width=4) (actual time=0.024..0.024 rows=1 loops=1)
                                                                     Buckets: 1024  Batches: 1  Memory Usage: 9kB
                                                                     Buffers: shared hit=1
                                                                     ->  Seq Scan on region  (cost=0.00..1.06 rows=1 width=4) (actual time=0.012..0.013 rows=1 loops=1)
                                                                           Filter: (r_name = 'AFRICA'::bpchar)
                                                                           Rows Removed by Filter: 4
                                                                           Buffers: shared hit=1
                     ->  Hash  (cost=3179.00..3179.00 rows=100000 width=8) (actual time=60.867..60.867 rows=100000 loops=1)
                           Buckets: 131072  Batches: 1  Memory Usage: 4931kB
                           Buffers: shared hit=2179
                           ->  Seq Scan on supplier  (cost=0.00..3179.00 rows=100000 width=8) (actual time=0.010..36.861 rows=100000 loops=1)
                                 Buffers: shared hit=2179
               ->  Hash  (cost=1.25..1.25 rows=25 width=30) (actual time=0.019..0.019 rows=25 loops=1)
                     Buckets: 1024  Batches: 1  Memory Usage: 10kB
                     Buffers: shared hit=1
                     ->  Seq Scan on nation n2  (cost=0.00..1.25 rows=25 width=30) (actual time=0.003..0.006 rows=25 loops=1)
                           Buffers: shared hit=1
 Planning time: 9.079 ms
 Execution time: 36149.397 ms
(79 rows)

COMMIT;
COMMIT
