BEGIN;
BEGIN
EXPLAIN (ANALYZE, BUFFERS)
select
	o_year,
	sum(case
		when nation = 'JAPAN' then volume
		else 0
	end) / sum(volume) as mkt_share
from
	(
		select
			extract(year from o_orderdate) as o_year,
			l_extendedprice * (1 - l_discount) as volume,
			n2.n_name as nation
		from
			part,
			supplier,
			lineitem,
			orders,
			customer,
			nation n1,
			nation n2,
			region
		where
			p_partkey = l_partkey
			and s_suppkey = l_suppkey
			and l_orderkey = o_orderkey
			and o_custkey = c_custkey
			and c_nationkey = n1.n_nationkey
			and n1.n_regionkey = r_regionkey
			and r_name = 'ASIA'
			and s_nationkey = n2.n_nationkey
			and o_orderdate between date '1995-01-01' and date '1996-12-31'
			and p_type = 'STANDARD POLISHED TIN'
	) as all_nations
group by
	o_year
order by
	o_year;
                                                                                                QUERY PLAN                                                                                                
----------------------------------------------------------------------------------------------------------------------------------------------------------------------------------------------------------
 Sort  (cost=2454869.64..2454871.46 rows=727 width=38) (actual time=31081.810..31081.810 rows=2 loops=1)
   Sort Key: (date_part('year'::text, (orders.o_orderdate)::timestamp without time zone))
   Sort Method: quicksort  Memory: 25kB
   Buffers: shared hit=867692 read=516095 written=2
   ->  HashAggregate  (cost=2454822.36..2454835.08 rows=727 width=38) (actual time=31081.754..31081.754 rows=2 loops=1)
         Group Key: date_part('year'::text, (orders.o_orderdate)::timestamp without time zone)
         Buffers: shared hit=867689 read=516095 written=2
         ->  Hash Join  (cost=551719.05..2454324.80 rows=24878 width=38) (actual time=8603.383..31039.416 rows=24016 loops=1)
               Hash Cond: (supplier.s_nationkey = n2.n_nationkey)
               Buffers: shared hit=867689 read=516095 written=2
               ->  Hash Join  (cost=551717.49..2453856.78 rows=24878 width=16) (actual time=8603.324..31000.960 rows=24016 loops=1)
                     Hash Cond: (lineitem.l_suppkey = supplier.s_suppkey)
                     Buffers: shared hit=867685 read=516095 written=2
                     ->  Hash Join  (cost=547288.49..2449085.70 rows=24878 width=16) (actual time=8540.625..30914.410 rows=24016 loops=1)
                           Hash Cond: (lineitem.l_orderkey = orders.o_orderkey)
                           Buffers: shared hit=865506 read=516095 written=2
                           ->  Hash Join  (cost=28726.45..1928730.17 rows=411924 width=16) (actual time=195.651..22350.704 rows=393578 loops=1)
                                 Hash Cond: (lineitem.l_partkey = part.p_partkey)
                                 Buffers: shared hit=578019 read=501819 written=2
                                 ->  Seq Scan on lineitem  (cost=0.00..1670263.62 rows=60165562 width=20) (actual time=0.023..12508.261 rows=60045379 loops=1)
                                       Buffers: shared hit=577655 read=490953 written=2
                                 ->  Hash  (cost=28555.29..28555.29 rows=13693 width=4) (actual time=195.407..195.407 rows=13115 loops=1)
                                       Buckets: 16384  Batches: 1  Memory Usage: 590kB
                                       Buffers: shared hit=364 read=10866
                                       ->  Bitmap Heap Scan on part  (cost=422.55..28555.29 rows=13693 width=4) (actual time=6.739..189.661 rows=13115 loops=1)
                                             Recheck Cond: ((p_type)::text = 'STANDARD POLISHED TIN'::text)
                                             Heap Blocks: exact=11148
                                             Buffers: shared hit=364 read=10866
                                             ->  Bitmap Index Scan on part_p_type_p_partkey_idx  (cost=0.00..419.12 rows=13693 width=0) (actual time=4.619..4.619 rows=13115 loops=1)
                                                   Index Cond: ((p_type)::text = 'STANDARD POLISHED TIN'::text)
                                                   Buffers: shared read=82
                           ->  Hash  (cost=507204.28..507204.28 rows=908621 width=8) (actual time=8335.843..8335.843 rows=913267 loops=1)
                                 Buckets: 1048576  Batches: 1  Memory Usage: 43867kB
                                 Buffers: shared hit=287487 read=14276
                                 ->  Hash Join  (cost=158906.81..507204.28 rows=908621 width=8) (actual time=3047.855..7990.385 rows=913267 loops=1)
                                       Hash Cond: (orders.o_custkey = customer.c_custkey)
                                       Buffers: shared hit=287487 read=14276
                                       ->  Bitmap Heap Scan on orders  (cost=96251.28..418425.89 rows=4543107 width=12) (actual time=2252.631..5210.401 rows=4561956 loops=1)
                                             Recheck Cond: ((o_orderdate >= '1995-01-01'::date) AND (o_orderdate <= '1996-12-31'::date))
                                             Heap Blocks: exact=254028
                                             Buffers: shared hit=252210 read=14273
                                             ->  Bitmap Index Scan on orders_o_orderdate_o_orderkey_idx  (cost=0.00..95115.51 rows=4543107 width=0) (actual time=2139.350..2139.350 rows=4570988 loops=1)
                                                   Index Cond: ((o_orderdate >= '1995-01-01'::date) AND (o_orderdate <= '1996-12-31'::date))
                                                   Buffers: shared hit=1 read=12454
                                       ->  Hash  (cost=58905.53..58905.53 rows=300000 width=4) (actual time=791.675..791.675 rows=300270 loops=1)
                                             Buckets: 524288  Batches: 1  Memory Usage: 14653kB
                                             Buffers: shared hit=35277 read=3
                                             ->  Hash Join  (cost=2.53..58905.53 rows=300000 width=4) (actual time=0.082..695.662 rows=300270 loops=1)
                                                   Hash Cond: (customer.c_nationkey = n1.n_nationkey)
                                                   Buffers: shared hit=35277 read=3
                                                   ->  Seq Scan on customer  (cost=0.00..50278.00 rows=1500000 width=8) (actual time=0.015..423.974 rows=1500000 loops=1)
                                                         Buffers: shared hit=35275 read=3
                                                   ->  Hash  (cost=2.47..2.47 rows=5 width=4) (actual time=0.048..0.048 rows=5 loops=1)
                                                         Buckets: 1024  Batches: 1  Memory Usage: 9kB
                                                         Buffers: shared hit=2
                                                         ->  Hash Join  (cost=1.07..2.47 rows=5 width=4) (actual time=0.040..0.044 rows=5 loops=1)
                                                               Hash Cond: (n1.n_regionkey = region.r_regionkey)
                                                               Buffers: shared hit=2
                                                               ->  Seq Scan on nation n1  (cost=0.00..1.25 rows=25 width=8) (actual time=0.005..0.006 rows=25 loops=1)
                                                                     Buffers: shared hit=1
                                                               ->  Hash  (cost=1.06..1.06 rows=1 width=4) (actual time=0.023..0.023 rows=1 loops=1)
                                                                     Buckets: 1024  Batches: 1  Memory Usage: 9kB
                                                                     Buffers: shared hit=1
                                                                     ->  Seq Scan on region  (cost=0.00..1.06 rows=1 width=4) (actual time=0.015..0.016 rows=1 loops=1)
                                                                           Filter: (r_name = 'ASIA'::bpchar)
                                                                           Rows Removed by Filter: 4
                                                                           Buffers: shared hit=1
                     ->  Hash  (cost=3179.00..3179.00 rows=100000 width=8) (actual time=62.142..62.142 rows=100000 loops=1)
                           Buckets: 131072  Batches: 1  Memory Usage: 4931kB
                           Buffers: shared hit=2179
                           ->  Seq Scan on supplier  (cost=0.00..3179.00 rows=100000 width=8) (actual time=0.011..37.971 rows=100000 loops=1)
                                 Buffers: shared hit=2179
               ->  Hash  (cost=1.25..1.25 rows=25 width=30) (actual time=0.019..0.019 rows=25 loops=1)
                     Buckets: 1024  Batches: 1  Memory Usage: 10kB
                     Buffers: shared hit=1
                     ->  Seq Scan on nation n2  (cost=0.00..1.25 rows=25 width=30) (actual time=0.005..0.008 rows=25 loops=1)
                           Buffers: shared hit=1
 Planning time: 7.103 ms
 Execution time: 31084.902 ms
(79 rows)

COMMIT;
COMMIT
